#
# A fatal error has been detected by the Java Runtime Environment:
#
#  EXCEPTION_ACCESS_VIOLATION (0xc0000005) at pc=0x00000292875817ac, pid=8776, tid=9528
#
# JRE version: Java(TM) SE Runtime Environment (20.0.1+9) (build 20.0.1+9-29)
# Java VM: Java HotSpot(TM) 64-Bit Server VM (20.0.1+9-29, mixed mode, sharing, tiered, compressed oops, compressed class ptrs, g1 gc, windows-amd64)
# Problematic frame:
# v  ~BufferBlob::MethodHandles adapters 0x00000292875817ac
#
# No core dump will be written. Minidumps are not enabled by default on client versions of Windows
#
# If you would like to submit a bug report, please visit:
#   https://bugreport.java.com/bugreport/crash.jsp
#

---------------  S U M M A R Y ------------

Command Line: -XX:+ShowCodeDetailsInExceptionMessages -agentlib:jdwp=transport=dt_socket,suspend=y,address=localhost:53814 -javaagent:C:\Users\Kristen Talukdar\eclipse\jee-2023-03\eclipse\configuration\org.eclipse.osgi\424\0\.cp\lib\javaagent-shaded.jar -Dfile.encoding=UTF-8 com.oesdp.oesapi.OesApiApplication

Host: 11th Gen Intel(R) Core(TM) i3-1115G4 @ 3.00GHz, 4 cores, 7G,  Windows 11 , 64 bit Build 22621 (10.0.22621.2215)
Time: Sat Sep 16 13:58:38 2023 India Standard Time elapsed time: 674.852015 seconds (0d 0h 11m 14s)

---------------  T H R E A D  ---------------

Current thread (0x00000292981ae280):  JavaThread "restartedMain" [_thread_in_Java, id=9528, stack(0x000000d3d0d00000,0x000000d3d0e00000)]

Stack: [0x000000d3d0d00000,0x000000d3d0e00000],  sp=0x000000d3d0dfdfe8,  free space=1015k
Native frames: (J=compiled Java code, j=interpreted, Vv=VM code, C=native code)
C  0x00000292875817ac


siginfo: EXCEPTION_ACCESS_VIOLATION (0xc0000005), reading address 0xffffffffffffffff


Registers:
RAX=0x000002928754e7de, RBX=0x87e79f1000000000, RCX=0x000000d3d0dfdff0, RDX=0x0000000000000002
RSP=0x000000d3d0dfdfe8, RBP=0x000000d3d0dfe038, RSI=0x000002929b521ad8, RDI=0x00000292985d92a0
R8 =0x0000000000000004, R9 =0x0000000000000004, R10=0x0000000800000000, R11=0x00000008000b8e90
R12=0x0000000000000000, R13=0x000000d3d0dfdfe8, R14=0x000000d3d0dfe058, R15=0x00000292981ae280
RIP=0x00000292875817ac, EFLAGS=0x0000000000010202


Register to memory mapping:

RIP=0x00000292875817ac is at begin+68 in a stub
MethodHandle::interpreter_entry::_linkToSpecial [0x0000029287581768, 0x00000292875817b7] (79 bytes)
RAX=0x000002928754e7de is at code_begin+3294 in an Interpreter codelet
return entry points  [0x000002928754db00, 0x000002928754fb38]  8248 bytes
RBX=0x87e79f1000000000 is an unknown value
RCX=0x000000d3d0dfdff0 is pointing into the stack for thread: 0x00000292981ae280
RDX=0x0000000000000002 is an unknown value
RSP=0x000000d3d0dfdfe8 is pointing into the stack for thread: 0x00000292981ae280
RBP=0x000000d3d0dfe038 is pointing into the stack for thread: 0x00000292981ae280
RSI=0x000002929b521ad8 points into unknown readable memory: 0x80001500d067f217 | 17 f2 67 d0 00 15 00 80
RDI=0x00000292985d92a0 points into unknown readable memory: 0x0000001800000070 | 70 00 00 00 18 00 00 00
R8 =0x0000000000000004 is an unknown value
R9 =0x0000000000000004 is an unknown value
R10=0x0000000800000000 is pointing into metadata
R11={method} {0x00000008000b8e98} 'newInvokeSpecial' '(Ljava/lang/Object;)Ljava/lang/Object;' in 'java/lang/invoke/DirectMethodHandle$Holder'
R12=0x0 is NULL
R13=0x000000d3d0dfdfe8 is pointing into the stack for thread: 0x00000292981ae280
R14=0x000000d3d0dfe058 is pointing into the stack for thread: 0x00000292981ae280
R15=0x00000292981ae280 is a thread


Top of Stack: (sp=0x000000d3d0dfdfe8)
0x000000d3d0dfdfe8:   000002928754e7de 000000d3d0dfdff0
0x000000d3d0dfdff8:   0000000800722b07 000000d3d0dfe058
0x000000d3d0dfe008:   00000008000b4350 0000029293b34560
0x000000d3d0dfe018:   000000008458b210 00000008000b8e90
0x000000d3d0dfe028:   000000d3d0dfdfe8 000000d3d0dfe060
0x000000d3d0dfe038:   000000d3d0dfe3f8 0000029280470f85
0x000000d3d0dfe048:   0000000087e79e18 0000000087e79ec0
0x000000d3d0dfe058:   0000000087e79e78 0000000087e79e48
0x000000d3d0dfe068:   0000000000000000 000000008484e338
0x000000d3d0dfe078:   0000000000000001 000000008484e338
0x000000d3d0dfe088:   0000000084ae7510 0000000087e79c28
0x000000d3d0dfe098:   0000000000000001 000000d3d0dfe3f8
0x000000d3d0dfe0a8:   00000292800cdc5c 000000d3d0dfcde8
0x000000d3d0dfe0b8:   00007ffbc3411d72 000000d3d0dfcf50
0x000000d3d0dfe0c8:   000000d3d0dfcd40 0000029296115888
0x000000d3d0dfe0d8:   00000292981ae280 0000adf51e6a6201
0x000000d3d0dfe0e8:   00007ffbc362dc31 000002929610ff0e
0x000000d3d0dfe0f8:   00000292981ae201 0000000000000000
0x000000d3d0dfe108:   0000000087e79ea8 0000000087e79c80
0x000000d3d0dfe118:   0000000000000000 0000000087e79ae0
0x000000d3d0dfe128:   0000000087e79c28 0000000087e79c28
0x000000d3d0dfe138:   000000008484e338 000000008484e338
0x000000d3d0dfe148:   0000000000000001 000000d3d0dfe3f8
0x000000d3d0dfe158:   000002928085dcf4 0000000000000000
0x000000d3d0dfe168:   0000000087e79e78 000000d3d0dfe3f8
0x000000d3d0dfe178:   0000029280924114 0000000000000000
0x000000d3d0dfe188:   0000000000000000 0000000000000000
0x000000d3d0dfe198:   0000000000000000 00000292981ae280
0x000000d3d0dfe1a8:   0000000000000000 0000000087e79c28
0x000000d3d0dfe1b8:   0000000000000000 0000000087e79ae0
0x000000d3d0dfe1c8:   0000000087e79ea8 0000000087e79c28
0x000000d3d0dfe1d8:   0000000000000000 000000008479f800 

Instructions: (pc=0x00000292875817ac)
0x00000292875816ac:   8b 59 14 8b 5b 28 8b 5b 24 48 8b 5b 10 48 85 db
0x00000292875816bc:   0f 84 10 00 00 00 41 80 bf 08 05 00 00 00 74 03
0x00000292875816cc:   ff 63 38 ff 63 50 e9 29 b5 01 00 66 0f 1f 84 00
0x00000292875816dc:   00 00 00 00 48 8b 53 08 0f b7 52 2c 48 8b 0c d4
0x00000292875816ec:   58 5b 50 44 8b 51 08 49 bb 00 00 00 00 08 00 00
0x00000292875816fc:   00 4d 03 d3 4c 8b 5b 10 4b 8b 9c da c0 01 00 00
0x000002928758170c:   48 85 db 0f 84 10 00 00 00 41 80 bf 08 05 00 00
0x000002928758171c:   00 74 03 ff 63 38 ff 63 50 e9 d6 b4 01 00 66 66
0x000002928758172c:   66 0f 1f 84 00 00 00 00 00 66 66 66 90 0f 1f 80
0x000002928758173c:   00 00 00 00 58 5b 50 8b 5b 24 48 8b 5b 10 48 85
0x000002928758174c:   db 0f 84 10 00 00 00 41 80 bf 08 05 00 00 00 74
0x000002928758175c:   03 ff 63 38 ff 63 50 e9 98 b4 01 00 66 66 66 0f
0x000002928758176c:   1f 84 00 00 00 00 00 66 66 66 90 66 0f 1f 84 00
0x000002928758177c:   00 00 00 00 48 8b 53 08 0f b7 52 2c 48 8b 0c d4
0x000002928758178c:   58 5b 50 48 3b 01 8b 5b 24 48 8b 5b 10 48 85 db
0x000002928758179c:   0f 84 10 00 00 00 41 80 bf 08 05 00 00 00 74 03
0x00000292875817ac:   ff 63 38 ff 63 50 e9 49 b4 01 00 66 0f 1f 84 00
0x00000292875817bc:   00 00 00 00 48 8b 53 08 0f b7 52 2c 48 8b 0c d4
0x00000292875817cc:   58 5b 50 44 8b 51 08 49 bb 00 00 00 00 08 00 00
0x00000292875817dc:   00 4d 03 d3 8b 43 18 48 8b 40 10 48 8b 5b 10 45
0x00000292875817ec:   8b 9a a0 00 00 00 4f 8d 9c da c0 01 00 00 4d 8d
0x00000292875817fc:   14 da 49 8b 1b 48 3b c3 74 15 48 85 db 0f 84 32
0x000002928758180c:   00 00 00 49 83 c3 10 49 8b 1b 48 3b c3 75 eb 45
0x000002928758181c:   8b 5b 08 4b 8b 1c 1a 48 85 db 0f 84 10 00 00 00
0x000002928758182c:   41 80 bf 08 05 00 00 00 74 03 ff 63 38 ff 63 50
0x000002928758183c:   e9 bf b3 01 00 e9 3a 12 00 00 f4 00 00 00 00 00
0x000002928758184c:   00 00 00 00 00 00 00 00 00 00 00 00 00 00 00 00
0x000002928758185c:   00 00 00 00 00 00 00 00 00 00 00 00 00 00 00 00
0x000002928758186c:   00 00 00 00 00 00 00 00 00 00 00 00 00 00 00 00
0x000002928758187c:   00 00 00 00 00 00 00 00 00 00 00 00 00 00 00 00
0x000002928758188c:   00 00 00 00 00 00 00 00 00 00 00 00 00 00 00 00
0x000002928758189c:   00 00 00 00 00 00 00 00 00 00 00 00 00 00 00 00 


Stack slot to memory mapping:
stack at sp + 0 slots: 0x000002928754e7de is at code_begin+3294 in an Interpreter codelet
return entry points  [0x000002928754db00, 0x000002928754fb38]  8248 bytes
stack at sp + 1 slots: 0x000000d3d0dfdff0 is pointing into the stack for thread: 0x00000292981ae280
stack at sp + 2 slots: 0x0000000800722b07 is pointing into metadata
stack at sp + 3 slots: 0x000000d3d0dfe058 is pointing into the stack for thread: 0x00000292981ae280
stack at sp + 4 slots: 0x00000008000b4350 is pointing into metadata
stack at sp + 5 slots: 0x0000029293b34560 is pointing into metadata
stack at sp + 6 slots: 0x000000008458b210 is an oop: java.lang.Class 
{0x000000008458b210} - klass: 'java/lang/Class'
 - ---- fields (total size 14 words):
 - private volatile transient 'classRedefinedCount' 'I' @12  0 (0x00000000)
 - abstract internal 'klass' 'J' @16  34360475432 (0x00000008000b3f28)
 - abstract internal 'array_klass' 'J' @24  0 (0x0000000000000000)
 - abstract internal 'oop_size' 'I' @32  14 (0x0000000e)
 - abstract internal 'static_oop_field_count' 'I' @36  0 (0x00000000)
 - private volatile transient 'cachedConstructor' 'Ljava/lang/reflect/Constructor;' @40  NULL (0x00000000)
 - private transient 'name' 'Ljava/lang/String;' @44  NULL (0x00000000)
 - private transient 'module' 'Ljava/lang/Module;' @48  a 'java/lang/Module'{0x000000008456abb8} (0x8456abb8)
 - private final 'classLoader' 'Ljava/lang/ClassLoader;' @52  NULL (0x00000000)
 - private transient 'classData' 'Ljava/lang/Object;' @56  NULL (0x00000000)
 - private transient 'packageName' 'Ljava/lang/String;' @60  NULL (0x00000000)
 - private final 'componentType' 'Ljava/lang/Class;' @64  NULL (0x00000000)
 - private volatile transient 'reflectionData' 'Ljava/lang/ref/SoftReference;' @68  NULL (0x00000000)
 - private volatile transient 'genericInfo' 'Lsun/reflect/generics/repository/ClassRepository;' @72  NULL (0x00000000)
 - private volatile transient 'enumConstants' '[Ljava/lang/Object;' @76  NULL (0x00000000)
 - private volatile transient 'enumConstantDirectory' 'Ljava/util/Map;' @80  NULL (0x00000000)
 - private volatile transient 'annotationData' 'Ljava/lang/Class$AnnotationData;' @84  NULL (0x00000000)
 - private volatile transient 'annotationType' 'Lsun/reflect/annotation/AnnotationType;' @88  NULL (0x00000000)
 - transient 'classValueMap' 'Ljava/lang/ClassValue$ClassValueMap;' @92  NULL (0x00000000)
 - abstract internal 'protection_domain' 'Ljava/lang/Object;' @96  NULL (0x00000000)
 - abstract internal 'signers_name' 'Ljava/lang/Object;' @100  NULL (0x00000000)
 - abstract internal 'source_file' 'Ljava/lang/Object;' @104  NULL (0x00000000)
 - signature: Ljava/lang/invoke/DirectMethodHandle$Holder;
 - ---- static fields (0):
stack at sp + 7 slots: {method} {0x00000008000b8e98} 'newInvokeSpecial' '(Ljava/lang/Object;)Ljava/lang/Object;' in 'java/lang/invoke/DirectMethodHandle$Holder'

MethodHandle::interpreter_entry::_linkToSpecial [0x0000029287581768, 0x00000292875817b7] (79 bytes)
[MachCode]
  0x0000029287581768: 6666 660f | 1f84 0000 | 0000 0066 | 6666 9066 | 0f1f 8400 | 0000 0000 | 488b 5308 | 0fb7 522c 
  0x0000029287581788: 488b 0cd4 | 585b 5048 | 3b01 8b5b | 2448 8b5b | 1048 85db | 0f84 1000 | 0000 4180 | bf08 0500 
  0x00000292875817a8: 0000 7403 | ff63 38ff | 6350 e949 | 
[/MachCode]

---------------  P R O C E S S  ---------------

Threads class SMR info:
_java_thread_list=0x000002929c23ab70, length=21, elements={
0x00000292f5a95e20, 0x00000292febaa850, 0x00000292febb0250, 0x00000292febb1da0,
0x00000292febb36f0, 0x00000292febb4030, 0x00000292febb4970, 0x00000292febb55e0,
0x0000029297022cf0, 0x00000292feb73d40, 0x00000292971582c0, 0x000002929715a830,
0x0000029297160d20, 0x0000029297a39f70, 0x00000292981a84e0, 0x00000292981ae280,
0x000002929b8cb230, 0x000002929a2c37e0, 0x000002929a7af6a0, 0x0000029299c8acf0,
0x0000029297b8d9b0
}

Java Threads: ( => current thread )
  0x00000292f5a95e20 JavaThread "main" [_thread_blocked, id=18336, stack(0x000000d3cf300000,0x000000d3cf400000)]
  0x00000292febaa850 JavaThread "Reference Handler" daemon [_thread_blocked, id=25036, stack(0x000000d3cfa00000,0x000000d3cfb00000)]
  0x00000292febb0250 JavaThread "Finalizer" daemon [_thread_blocked, id=25348, stack(0x000000d3cfb00000,0x000000d3cfc00000)]
  0x00000292febb1da0 JavaThread "Signal Dispatcher" daemon [_thread_blocked, id=5224, stack(0x000000d3cfc00000,0x000000d3cfd00000)]
  0x00000292febb36f0 JavaThread "Attach Listener" daemon [_thread_blocked, id=12956, stack(0x000000d3cfd00000,0x000000d3cfe00000)]
  0x00000292febb4030 JavaThread "Service Thread" daemon [_thread_blocked, id=22156, stack(0x000000d3cfe00000,0x000000d3cff00000)]
  0x00000292febb4970 JavaThread "Monitor Deflation Thread" daemon [_thread_blocked, id=6972, stack(0x000000d3cff00000,0x000000d3d0000000)]
  0x00000292febb55e0 JavaThread "C2 CompilerThread0" daemon [_thread_blocked, id=24536, stack(0x000000d3d0000000,0x000000d3d0100000)]
  0x0000029297022cf0 JavaThread "C1 CompilerThread0" daemon [_thread_blocked, id=24416, stack(0x000000d3d0100000,0x000000d3d0200000)]
  0x00000292feb73d40 JavaThread "Common-Cleaner" daemon [_thread_blocked, id=18348, stack(0x000000d3d0200000,0x000000d3d0300000)]
  0x00000292971582c0 JavaThread "JDWP Transport Listener: dt_socket" daemon [_thread_blocked, id=19508, stack(0x000000d3d0300000,0x000000d3d0400000)]
  0x000002929715a830 JavaThread "JDWP Event Helper Thread" daemon [_thread_blocked, id=4316, stack(0x000000d3d0400000,0x000000d3d0500000)]
  0x0000029297160d20 JavaThread "JDWP Command Reader" daemon [_thread_in_native, id=18956, stack(0x000000d3d0500000,0x000000d3d0600000)]
  0x0000029297a39f70 JavaThread "Notification Thread" daemon [_thread_blocked, id=23612, stack(0x000000d3d0700000,0x000000d3d0800000)]
  0x00000292981a84e0 JavaThread "Thread-0" [_thread_blocked, id=23908, stack(0x000000d3d0c00000,0x000000d3d0d00000)]
=>0x00000292981ae280 JavaThread "restartedMain" [_thread_in_Java, id=9528, stack(0x000000d3d0d00000,0x000000d3d0e00000)]
  0x000002929b8cb230 JavaThread "Catalina-utility-1" [_thread_blocked, id=22388, stack(0x000000d3d0e00000,0x000000d3d0f00000)]
  0x000002929a2c37e0 JavaThread "Catalina-utility-2" [_thread_blocked, id=23004, stack(0x000000d3d0f00000,0x000000d3d1000000)]
  0x000002929a7af6a0 JavaThread "container-0" [_thread_blocked, id=21720, stack(0x000000d3d1000000,0x000000d3d1100000)]
  0x0000029299c8acf0 JavaThread "mysql-cj-abandoned-connection-cleanup" daemon [_thread_blocked, id=25268, stack(0x000000d3d1100000,0x000000d3d1200000)]
  0x0000029297b8d9b0 JavaThread "HikariPool-1 housekeeper" daemon [_thread_blocked, id=17928, stack(0x000000d3d1300000,0x000000d3d1400000)]

Other Threads:
  0x00000292feb8c0f0 VMThread "VM Thread" [stack: 0x000000d3cf900000,0x000000d3cfa00000] [id=21396]
  0x0000029297267d50 WatcherThread "VM Periodic Task Thread" [stack: 0x000000d3d0800000,0x000000d3d0900000] [id=18832]
  0x00000292f5af4ae0 WorkerThread "GC Thread#0" [stack: 0x000000d3cf400000,0x000000d3cf500000] [id=4144]
  0x0000029297a281e0 WorkerThread "GC Thread#1" [stack: 0x000000d3d0900000,0x000000d3d0a00000] [id=22744]
  0x0000029297adedf0 WorkerThread "GC Thread#2" [stack: 0x000000d3d0a00000,0x000000d3d0b00000] [id=25520]
  0x0000029297a28750 WorkerThread "GC Thread#3" [stack: 0x000000d3d0b00000,0x000000d3d0c00000] [id=24400]
  0x00000292f5b05230 ConcurrentGCThread "G1 Main Marker" [stack: 0x000000d3cf500000,0x000000d3cf600000] [id=15040]
  0x00000292f5b065a0 WorkerThread "G1 Conc#0" [stack: 0x000000d3cf600000,0x000000d3cf700000] [id=5900]
  0x00000292fea454e0 ConcurrentGCThread "G1 Refine#0" [stack: 0x000000d3cf700000,0x000000d3cf800000] [id=23340]
  0x00000292fea476e0 ConcurrentGCThread "G1 Service" [stack: 0x000000d3cf800000,0x000000d3cf900000] [id=2680]

Threads with active compile tasks:

VM state: not at safepoint (normal execution)

VM Mutex/Monitor currently owned by a thread: None

Heap address: 0x0000000084200000, size: 1982 MB, Compressed Oops mode: 32-bit

CDS archive(s) mapped at: [0x0000000800000000-0x0000000800c60000-0x0000000800c60000), size 12976128, SharedBaseAddress: 0x0000000800000000, ArchiveRelocationMode: 0.
Compressed class space mapped at: 0x0000000801000000-0x0000000841000000, reserved size: 1073741824
Narrow klass base: 0x0000000800000000, Narrow klass shift: 0, Narrow klass range: 0x100000000

GC Precious Log:
 CardTable entry size: 512
 Card Set container configuration: InlinePtr #cards 5 size 8 Array Of Cards #cards 12 size 40 Howl #buckets 4 coarsen threshold 1843 Howl Bitmap #cards 512 size 80 coarsen threshold 460 Card regions per heap region 1 cards per card region 2048
 CPUs: 4 total, 4 available
 Memory: 7926M
 Large Page Support: Disabled
 NUMA Support: Disabled
 Compressed Oops: Enabled (32-bit)
 Heap Region Size: 1M
 Heap Min Capacity: 8M
 Heap Initial Capacity: 124M
 Heap Max Capacity: 1982M
 Pre-touch: Disabled
 Parallel Workers: 4
 Concurrent Workers: 1
 Concurrent Refinement Workers: 4
 Periodic GC: Disabled

Heap:
 garbage-first heap   total 49152K, used 28688K [0x0000000084200000, 0x0000000100000000)
  region size 1024K, 9 young (9216K), 2 survivors (2048K)
 Metaspace       used 56478K, committed 57088K, reserved 1114112K
  class space    used 7295K, committed 7552K, reserved 1048576K

Heap Regions: E=young(eden), S=young(survivor), O=old, HS=humongous(starts), HC=humongous(continues), CS=collection set, F=free, OA=open archive, CA=closed archive, TAMS=top-at-mark-start, PB=parsable bottom
|   0|0x0000000084200000, 0x0000000084300000, 0x0000000084300000|100%|HS|  |TAMS 0x0000000084200000| PB 0x0000000084200000| Complete 
|   1|0x0000000084300000, 0x0000000084400000, 0x0000000084400000|100%| O|  |TAMS 0x0000000084300000| PB 0x0000000084300000| Untracked 
|   2|0x0000000084400000, 0x0000000084500000, 0x0000000084500000|100%| O|  |TAMS 0x0000000084400000| PB 0x0000000084400000| Untracked 
|   3|0x0000000084500000, 0x0000000084600000, 0x0000000084600000|100%| O|  |TAMS 0x0000000084500000| PB 0x0000000084500000| Untracked 
|   4|0x0000000084600000, 0x0000000084700000, 0x0000000084700000|100%| O|  |TAMS 0x0000000084600000| PB 0x0000000084600000| Untracked 
|   5|0x0000000084700000, 0x0000000084800000, 0x0000000084800000|100%| O|  |TAMS 0x0000000084700000| PB 0x0000000084700000| Untracked 
|   6|0x0000000084800000, 0x0000000084900000, 0x0000000084900000|100%| O|  |TAMS 0x0000000084800000| PB 0x0000000084800000| Untracked 
|   7|0x0000000084900000, 0x0000000084a00000, 0x0000000084a00000|100%| O|  |TAMS 0x0000000084900000| PB 0x0000000084900000| Untracked 
|   8|0x0000000084a00000, 0x0000000084b00000, 0x0000000084b00000|100%| O|  |TAMS 0x0000000084a00000| PB 0x0000000084a00000| Untracked 
|   9|0x0000000084b00000, 0x0000000084c00000, 0x0000000084c00000|100%| O|  |TAMS 0x0000000084b00000| PB 0x0000000084b00000| Untracked 
|  10|0x0000000084c00000, 0x0000000084d00000, 0x0000000084d00000|100%| O|  |TAMS 0x0000000084c00000| PB 0x0000000084c00000| Untracked 
|  11|0x0000000084d00000, 0x0000000084e00000, 0x0000000084e00000|100%| O|  |TAMS 0x0000000084d00000| PB 0x0000000084d00000| Untracked 
|  12|0x0000000084e00000, 0x0000000084f00000, 0x0000000084f00000|100%| O|  |TAMS 0x0000000084e00000| PB 0x0000000084e00000| Untracked 
|  13|0x0000000084f00000, 0x0000000085000000, 0x0000000085000000|100%| O|  |TAMS 0x0000000084f00000| PB 0x0000000084f00000| Untracked 
|  14|0x0000000085000000, 0x0000000085100000, 0x0000000085100000|100%| O|  |TAMS 0x0000000085000000| PB 0x0000000085000000| Untracked 
|  15|0x0000000085100000, 0x0000000085200000, 0x0000000085200000|100%| O|  |TAMS 0x0000000085100000| PB 0x0000000085100000| Untracked 
|  16|0x0000000085200000, 0x0000000085300000, 0x0000000085300000|100%| O|  |TAMS 0x0000000085200000| PB 0x0000000085200000| Untracked 
|  17|0x0000000085300000, 0x0000000085400000, 0x0000000085400000|100%| O|  |TAMS 0x0000000085300000| PB 0x0000000085300000| Untracked 
|  18|0x0000000085400000, 0x0000000085500000, 0x0000000085500000|100%| O|  |TAMS 0x0000000085400000| PB 0x0000000085400000| Untracked 
|  19|0x0000000085500000, 0x0000000085600000, 0x0000000085600000|100%| O|  |TAMS 0x0000000085500000| PB 0x0000000085500000| Untracked 
|  20|0x0000000085600000, 0x0000000085629a00, 0x0000000085700000| 16%| O|  |TAMS 0x0000000085600000| PB 0x0000000085600000| Untracked 
|  21|0x0000000085700000, 0x0000000085700000, 0x0000000085800000|  0%| F|  |TAMS 0x0000000085700000| PB 0x0000000085700000| Untracked 
|  22|0x0000000085800000, 0x0000000085800000, 0x0000000085900000|  0%| F|  |TAMS 0x0000000085800000| PB 0x0000000085800000| Untracked 
|  23|0x0000000085900000, 0x00000000859da860, 0x0000000085a00000| 85%| S|CS|TAMS 0x0000000085900000| PB 0x0000000085900000| Complete 
|  24|0x0000000085a00000, 0x0000000085b00000, 0x0000000085b00000|100%| S|CS|TAMS 0x0000000085a00000| PB 0x0000000085a00000| Complete 
|  25|0x0000000085b00000, 0x0000000085b00000, 0x0000000085c00000|  0%| F|  |TAMS 0x0000000085b00000| PB 0x0000000085b00000| Untracked 
|  26|0x0000000085c00000, 0x0000000085c00000, 0x0000000085d00000|  0%| F|  |TAMS 0x0000000085c00000| PB 0x0000000085c00000| Untracked 
|  27|0x0000000085d00000, 0x0000000085d00000, 0x0000000085e00000|  0%| F|  |TAMS 0x0000000085d00000| PB 0x0000000085d00000| Untracked 
|  28|0x0000000085e00000, 0x0000000085e00000, 0x0000000085f00000|  0%| F|  |TAMS 0x0000000085e00000| PB 0x0000000085e00000| Untracked 
|  29|0x0000000085f00000, 0x0000000085f00000, 0x0000000086000000|  0%| F|  |TAMS 0x0000000085f00000| PB 0x0000000085f00000| Untracked 
|  30|0x0000000086000000, 0x0000000086000000, 0x0000000086100000|  0%| F|  |TAMS 0x0000000086000000| PB 0x0000000086000000| Untracked 
|  31|0x0000000086100000, 0x0000000086100000, 0x0000000086200000|  0%| F|  |TAMS 0x0000000086100000| PB 0x0000000086100000| Untracked 
|  32|0x0000000086200000, 0x0000000086200000, 0x0000000086300000|  0%| F|  |TAMS 0x0000000086200000| PB 0x0000000086200000| Untracked 
|  33|0x0000000086300000, 0x0000000086300000, 0x0000000086400000|  0%| F|  |TAMS 0x0000000086300000| PB 0x0000000086300000| Untracked 
|  34|0x0000000086400000, 0x0000000086400000, 0x0000000086500000|  0%| F|  |TAMS 0x0000000086400000| PB 0x0000000086400000| Untracked 
|  35|0x0000000086500000, 0x0000000086500000, 0x0000000086600000|  0%| F|  |TAMS 0x0000000086500000| PB 0x0000000086500000| Untracked 
|  36|0x0000000086600000, 0x0000000086600000, 0x0000000086700000|  0%| F|  |TAMS 0x0000000086600000| PB 0x0000000086600000| Untracked 
|  37|0x0000000086700000, 0x0000000086700000, 0x0000000086800000|  0%| F|  |TAMS 0x0000000086700000| PB 0x0000000086700000| Untracked 
|  38|0x0000000086800000, 0x0000000086800000, 0x0000000086900000|  0%| F|  |TAMS 0x0000000086800000| PB 0x0000000086800000| Untracked 
|  39|0x0000000086900000, 0x0000000086900000, 0x0000000086a00000|  0%| F|  |TAMS 0x0000000086900000| PB 0x0000000086900000| Untracked 
|  40|0x0000000086a00000, 0x0000000086a00000, 0x0000000086b00000|  0%| F|  |TAMS 0x0000000086a00000| PB 0x0000000086a00000| Untracked 
|  41|0x0000000086b00000, 0x0000000086b36e90, 0x0000000086c00000| 21%| E|  |TAMS 0x0000000086b00000| PB 0x0000000086b00000| Complete 
|  60|0x0000000087e00000, 0x0000000087f00000, 0x0000000087f00000|100%| E|CS|TAMS 0x0000000087e00000| PB 0x0000000087e00000| Complete 
|  61|0x0000000087f00000, 0x0000000088000000, 0x0000000088000000|100%| E|CS|TAMS 0x0000000087f00000| PB 0x0000000087f00000| Complete 
|  62|0x0000000088000000, 0x0000000088100000, 0x0000000088100000|100%| E|CS|TAMS 0x0000000088000000| PB 0x0000000088000000| Complete 
|  63|0x0000000088100000, 0x0000000088200000, 0x0000000088200000|100%| E|CS|TAMS 0x0000000088100000| PB 0x0000000088100000| Complete 
|  64|0x0000000088200000, 0x0000000088300000, 0x0000000088300000|100%| E|CS|TAMS 0x0000000088200000| PB 0x0000000088200000| Complete 
|  65|0x0000000088300000, 0x0000000088400000, 0x0000000088400000|100%| E|CS|TAMS 0x0000000088300000| PB 0x0000000088300000| Complete 

Card table byte_map: [0x00000292fdf20000,0x00000292fe300000] _byte_map_base: 0x00000292fdaff000

Marking Bits: (CMBitMap*) 0x00000292f5af5110
 Bits: [0x000002928f000000, 0x0000029290ef8000)

Polling page: 0x00000292f5250000

Metaspace:

Usage:
  Non-class:     48.03 MB used.
      Class:      7.12 MB used.
       Both:     55.15 MB used.

Virtual space:
  Non-class space:       64.00 MB reserved,      48.38 MB ( 76%) committed,  1 nodes.
      Class space:        1.00 GB reserved,       7.38 MB ( <1%) committed,  1 nodes.
             Both:        1.06 GB reserved,      55.75 MB (  5%) committed. 

Chunk freelists:
   Non-Class:  2.91 MB
       Class:  671.00 KB
        Both:  3.56 MB

MaxMetaspaceSize: unlimited
CompressedClassSpaceSize: 1.00 GB
Initial GC threshold: 21.00 MB
Current GC threshold: 58.69 MB
CDS: on
MetaspaceReclaimPolicy: balanced
 - commit_granule_bytes: 65536.
 - commit_granule_words: 8192.
 - virtual_space_node_default_size: 8388608.
 - enlarge_chunks_in_place: 1.
 - new_chunks_are_fully_committed: 0.
 - uncommit_free_chunks: 1.
 - use_allocation_guard: 0.


Internal statistics:

num_allocs_failed_limit: 6.
num_arena_births: 766.
num_arena_deaths: 0.
num_vsnodes_births: 2.
num_vsnodes_deaths: 0.
num_space_committed: 892.
num_space_uncommitted: 0.
num_chunks_returned_to_freelist: 6.
num_chunks_taken_from_freelist: 2685.
num_chunk_merges: 3.
num_chunk_splits: 1902.
num_chunks_enlarged: 1443.
num_inconsistent_stats: 0.

CodeHeap 'non-profiled nmethods': size=120000Kb used=4146Kb max_used=4146Kb free=115853Kb
 bounds [0x0000029287ad0000, 0x0000029287ee0000, 0x000002928f000000]
CodeHeap 'profiled nmethods': size=120000Kb used=10814Kb max_used=10814Kb free=109185Kb
 bounds [0x0000029280000000, 0x0000029280aa0000, 0x0000029287530000]
CodeHeap 'non-nmethods': size=5760Kb used=1937Kb max_used=1985Kb free=3822Kb
 bounds [0x0000029287530000, 0x00000292877a0000, 0x0000029287ad0000]
 total_blobs=5693 nmethods=5004 adapters=599
 compilation: enabled
              stopped_count=0, restarted_count=0
 full_count=0

Compilation events (20 events):
Event: 550.299 Thread 0x0000029297022cf0 5449       3       java.util.concurrent.locks.AbstractQueuedSynchronizer$Node::setStatusRelaxed (12 bytes)
Event: 550.299 Thread 0x0000029297022cf0 nmethod 5449 0x0000029280a89090 code [0x0000029280a89220, 0x0000029280a89338]
Event: 568.379 Thread 0x0000029297022cf0 5450       3       java.util.concurrent.locks.AbstractQueuedSynchronizer$ConditionObject::unlinkCancelledWaiters (91 bytes)
Event: 568.379 Thread 0x0000029297022cf0 nmethod 5450 0x0000029280a89410 code [0x0000029280a895c0, 0x0000029280a89a70]
Event: 575.494 Thread 0x0000029297022cf0 5451       3       java.util.HashMap$Values::toArray (16 bytes)
Event: 575.495 Thread 0x0000029297022cf0 nmethod 5451 0x0000029280a89c10 code [0x0000029280a89dc0, 0x0000029280a89fe0]
Event: 595.515 Thread 0x0000029297022cf0 5452   !   3       org.apache.catalina.core.ContainerBase::findChildren (34 bytes)
Event: 595.516 Thread 0x0000029297022cf0 nmethod 5452 0x0000029280a8a110 code [0x0000029280a8a2e0, 0x0000029280a8a838]
Event: 605.516 Thread 0x00000292febb55e0 5453       4       java.util.concurrent.CopyOnWriteArrayList$COWIterator::next (32 bytes)
Event: 605.519 Thread 0x00000292febb55e0 nmethod 5453 0x0000029287edc490 code [0x0000029287edc600, 0x0000029287edc6e8]
Event: 635.529 Thread 0x0000029297022cf0 5454       3       java.util.concurrent.locks.LockSupport::setCurrentBlocker (14 bytes)
Event: 635.529 Thread 0x0000029297022cf0 nmethod 5454 0x0000029280a8aa90 code [0x0000029280a8ac20, 0x0000029280a8ae38]
Event: 645.539 Thread 0x0000029297022cf0 5455   !   3       org.apache.catalina.core.ContainerBase::getRealmInternal (38 bytes)
Event: 645.540 Thread 0x0000029297022cf0 nmethod 5455 0x0000029280a8af10 code [0x0000029280a8b120, 0x0000029280a8b840]
Event: 655.549 Thread 0x0000029297022cf0 5456   !   3       org.apache.catalina.core.ContainerBase::getClusterInternal (38 bytes)
Event: 655.550 Thread 0x0000029297022cf0 nmethod 5456 0x0000029280a8bb90 code [0x0000029280a8bda0, 0x0000029280a8c4c0]
Event: 655.550 Thread 0x0000029297022cf0 5458   !   3       org.apache.catalina.core.ContainerBase$ContainerBackgroundProcessor::processChildren (202 bytes)
Event: 655.553 Thread 0x0000029297022cf0 nmethod 5458 0x0000029280a8c810 code [0x0000029280a8cc20, 0x0000029280a8f778]
Event: 655.553 Thread 0x0000029297022cf0 5457       1       org.apache.catalina.webresources.CachedResource::getNextCheck (5 bytes)
Event: 655.554 Thread 0x0000029297022cf0 nmethod 5457 0x0000029287edc810 code [0x0000029287edc980, 0x0000029287edca50]

GC Heap History (20 events):
Event: 9.407 GC heap before
{Heap before GC invocations=12 (full 0):
 garbage-first heap   total 40960K, used 25323K [0x0000000084200000, 0x0000000100000000)
  region size 1024K, 10 young (10240K), 2 survivors (2048K)
 Metaspace       used 35457K, committed 35968K, reserved 1114112K
  class space    used 4245K, committed 4480K, reserved 1048576K
}
Event: 9.410 GC heap after
{Heap after GC invocations=13 (full 0):
 garbage-first heap   total 40960K, used 18980K [0x0000000084200000, 0x0000000100000000)
  region size 1024K, 3 young (3072K), 3 survivors (3072K)
 Metaspace       used 35457K, committed 35968K, reserved 1114112K
  class space    used 4245K, committed 4480K, reserved 1048576K
}
Event: 10.203 GC heap before
{Heap before GC invocations=14 (full 0):
 garbage-first heap   total 40960K, used 34340K [0x0000000084200000, 0x0000000100000000)
  region size 1024K, 18 young (18432K), 3 survivors (3072K)
 Metaspace       used 37788K, committed 38400K, reserved 1114112K
  class space    used 4509K, committed 4800K, reserved 1048576K
}
Event: 10.206 GC heap after
{Heap after GC invocations=15 (full 0):
 garbage-first heap   total 49152K, used 19474K [0x0000000084200000, 0x0000000100000000)
  region size 1024K, 3 young (3072K), 3 survivors (3072K)
 Metaspace       used 37788K, committed 38400K, reserved 1114112K
  class space    used 4509K, committed 4800K, reserved 1048576K
}
Event: 10.715 GC heap before
{Heap before GC invocations=15 (full 0):
 garbage-first heap   total 49152K, used 42002K [0x0000000084200000, 0x0000000100000000)
  region size 1024K, 25 young (25600K), 3 survivors (3072K)
 Metaspace       used 39765K, committed 40384K, reserved 1114112K
  class space    used 4764K, committed 5056K, reserved 1048576K
}
Event: 10.719 GC heap after
{Heap after GC invocations=16 (full 0):
 garbage-first heap   total 49152K, used 20011K [0x0000000084200000, 0x0000000100000000)
  region size 1024K, 3 young (3072K), 3 survivors (3072K)
 Metaspace       used 39765K, committed 40384K, reserved 1114112K
  class space    used 4764K, committed 5056K, reserved 1048576K
}
Event: 11.280 GC heap before
{Heap before GC invocations=16 (full 0):
 garbage-first heap   total 49152K, used 42539K [0x0000000084200000, 0x0000000100000000)
  region size 1024K, 25 young (25600K), 3 survivors (3072K)
 Metaspace       used 41940K, committed 42560K, reserved 1114112K
  class space    used 5106K, committed 5376K, reserved 1048576K
}
Event: 11.285 GC heap after
{Heap after GC invocations=17 (full 0):
 garbage-first heap   total 49152K, used 20477K [0x0000000084200000, 0x0000000100000000)
  region size 1024K, 3 young (3072K), 3 survivors (3072K)
 Metaspace       used 41940K, committed 42560K, reserved 1114112K
  class space    used 5106K, committed 5376K, reserved 1048576K
}
Event: 11.724 GC heap before
{Heap before GC invocations=17 (full 0):
 garbage-first heap   total 49152K, used 41981K [0x0000000084200000, 0x0000000100000000)
  region size 1024K, 24 young (24576K), 3 survivors (3072K)
 Metaspace       used 44129K, committed 44672K, reserved 1114112K
  class space    used 5432K, committed 5696K, reserved 1048576K
}
Event: 11.727 GC heap after
{Heap after GC invocations=18 (full 0):
 garbage-first heap   total 49152K, used 20762K [0x0000000084200000, 0x0000000100000000)
  region size 1024K, 2 young (2048K), 2 survivors (2048K)
 Metaspace       used 44129K, committed 44672K, reserved 1114112K
  class space    used 5432K, committed 5696K, reserved 1048576K
}
Event: 12.135 GC heap before
{Heap before GC invocations=18 (full 0):
 garbage-first heap   total 49152K, used 42266K [0x0000000084200000, 0x0000000100000000)
  region size 1024K, 24 young (24576K), 2 survivors (2048K)
 Metaspace       used 46304K, committed 46912K, reserved 1114112K
  class space    used 5743K, committed 6016K, reserved 1048576K
}
Event: 12.138 GC heap after
{Heap after GC invocations=19 (full 0):
 garbage-first heap   total 49152K, used 21246K [0x0000000084200000, 0x0000000100000000)
  region size 1024K, 3 young (3072K), 3 survivors (3072K)
 Metaspace       used 46304K, committed 46912K, reserved 1114112K
  class space    used 5743K, committed 6016K, reserved 1048576K
}
Event: 12.403 GC heap before
{Heap before GC invocations=19 (full 0):
 garbage-first heap   total 49152K, used 41726K [0x0000000084200000, 0x0000000100000000)
  region size 1024K, 23 young (23552K), 3 survivors (3072K)
 Metaspace       used 48477K, committed 49024K, reserved 1114112K
  class space    used 6004K, committed 6272K, reserved 1048576K
}
Event: 12.407 GC heap after
{Heap after GC invocations=20 (full 0):
 garbage-first heap   total 49152K, used 21481K [0x0000000084200000, 0x0000000100000000)
  region size 1024K, 2 young (2048K), 2 survivors (2048K)
 Metaspace       used 48477K, committed 49024K, reserved 1114112K
  class space    used 6004K, committed 6272K, reserved 1048576K
}
Event: 12.733 GC heap before
{Heap before GC invocations=20 (full 0):
 garbage-first heap   total 49152K, used 41961K [0x0000000084200000, 0x0000000100000000)
  region size 1024K, 23 young (23552K), 2 survivors (2048K)
 Metaspace       used 51628K, committed 52224K, reserved 1114112K
  class space    used 6485K, committed 6720K, reserved 1048576K
}
Event: 12.736 GC heap after
{Heap after GC invocations=21 (full 0):
 garbage-first heap   total 49152K, used 22014K [0x0000000084200000, 0x0000000100000000)
  region size 1024K, 2 young (2048K), 2 survivors (2048K)
 Metaspace       used 51628K, committed 52224K, reserved 1114112K
  class space    used 6485K, committed 6720K, reserved 1048576K
}
Event: 13.111 GC heap before
{Heap before GC invocations=21 (full 0):
 garbage-first heap   total 49152K, used 43518K [0x0000000084200000, 0x0000000100000000)
  region size 1024K, 23 young (23552K), 2 survivors (2048K)
 Metaspace       used 53577K, committed 54144K, reserved 1114112K
  class space    used 6874K, committed 7104K, reserved 1048576K
}
Event: 13.116 GC heap after
{Heap after GC invocations=22 (full 0):
 garbage-first heap   total 49152K, used 22237K [0x0000000084200000, 0x0000000100000000)
  region size 1024K, 2 young (2048K), 2 survivors (2048K)
 Metaspace       used 53577K, committed 54144K, reserved 1114112K
  class space    used 6874K, committed 7104K, reserved 1048576K
}
Event: 13.355 GC heap before
{Heap before GC invocations=22 (full 0):
 garbage-first heap   total 49152K, used 42717K [0x0000000084200000, 0x0000000100000000)
  region size 1024K, 23 young (23552K), 2 survivors (2048K)
 Metaspace       used 55880K, committed 56512K, reserved 1114112K
  class space    used 7207K, committed 7488K, reserved 1048576K
}
Event: 13.359 GC heap after
{Heap after GC invocations=23 (full 0):
 garbage-first heap   total 49152K, used 22544K [0x0000000084200000, 0x0000000100000000)
  region size 1024K, 2 young (2048K), 2 survivors (2048K)
 Metaspace       used 55880K, committed 56512K, reserved 1114112K
  class space    used 7207K, committed 7488K, reserved 1048576K
}

Dll operation events (13 events):
Event: 0.027 Loaded shared library C:\Program Files\Java\jdk-20\bin\java.dll
Event: 0.046 Loaded shared library C:\Program Files\Java\jdk-20\bin\jsvml.dll
Event: 0.621 Loaded shared library C:\Program Files\Java\jdk-20\bin\zip.dll
Event: 0.627 Loaded shared library C:\Program Files\Java\jdk-20\bin\instrument.dll
Event: 0.638 Loaded shared library C:\Program Files\Java\jdk-20\bin\net.dll
Event: 0.640 Loaded shared library C:\Program Files\Java\jdk-20\bin\nio.dll
Event: 0.644 Loaded shared library C:\Program Files\Java\jdk-20\bin\zip.dll
Event: 1.009 Loaded shared library C:\Program Files\Java\jdk-20\bin\jimage.dll
Event: 1.102 Loaded shared library C:\Program Files\Java\jdk-20\bin\verify.dll
Event: 1.761 Loaded shared library C:\Program Files\Java\jdk-20\bin\management.dll
Event: 1.766 Loaded shared library C:\Program Files\Java\jdk-20\bin\management_ext.dll
Event: 7.789 Loaded shared library C:\Program Files\Java\jdk-20\bin\sunmscapi.dll
Event: 8.983 Loaded shared library C:\Program Files\Java\jdk-20\bin\extnet.dll

Deoptimization events (20 events):
Event: 13.419 Thread 0x00000292981ae280 DEOPT PACKING pc=0x000002928057d114 sp=0x000000d3d0df9be0
Event: 13.419 Thread 0x00000292981ae280 DEOPT UNPACKING pc=0x000002928759e462 sp=0x000000d3d0df9190 mode 1
Event: 13.419 Thread 0x00000292981ae280 DEOPT PACKING pc=0x000002928057a5ec sp=0x000000d3d0df9d50
Event: 13.419 Thread 0x00000292981ae280 DEOPT UNPACKING pc=0x000002928759e462 sp=0x000000d3d0df92f0 mode 1
Event: 13.420 Thread 0x00000292981ae280 DEOPT PACKING pc=0x000002928057eb91 sp=0x000000d3d0dfcd80
Event: 13.420 Thread 0x00000292981ae280 DEOPT UNPACKING pc=0x000002928759e462 sp=0x000000d3d0dfc258 mode 1
Event: 13.420 Thread 0x00000292981ae280 DEOPT PACKING pc=0x000002928057d114 sp=0x000000d3d0dfce10
Event: 13.420 Thread 0x00000292981ae280 DEOPT UNPACKING pc=0x000002928759e462 sp=0x000000d3d0dfc3c0 mode 1
Event: 13.420 Thread 0x00000292981ae280 DEOPT PACKING pc=0x000002928057a5ec sp=0x000000d3d0dfcf80
Event: 13.420 Thread 0x00000292981ae280 DEOPT UNPACKING pc=0x000002928759e462 sp=0x000000d3d0dfc520 mode 1
Event: 13.426 Thread 0x00000292981ae280 DEOPT PACKING pc=0x0000029280705c74 sp=0x000000d3d0dfdc30
Event: 13.426 Thread 0x00000292981ae280 DEOPT UNPACKING pc=0x000002928759e462 sp=0x000000d3d0dfd180 mode 1
Event: 13.426 Thread 0x00000292981ae280 DEOPT PACKING pc=0x000002928085999c sp=0x000000d3d0dfdd40
Event: 13.426 Thread 0x00000292981ae280 DEOPT UNPACKING pc=0x000002928759e462 sp=0x000000d3d0dfd200 mode 1
Event: 674.753 Thread 0x00000292981ae280 DEOPT PACKING pc=0x000002928040b8d4 sp=0x000000d3d0dfdff0
Event: 674.753 Thread 0x00000292981ae280 DEOPT UNPACKING pc=0x000002928759e462 sp=0x000000d3d0dfd4a8 mode 0
Event: 674.775 Thread 0x00000292971582c0 Uncommon trap: trap_request=0xffffff45 fr.pc=0x0000029287e25b50 relative=0x0000000000000f90
Event: 674.775 Thread 0x00000292971582c0 Uncommon trap: reason=unstable_if action=reinterpret pc=0x0000029287e25b50 method=sun.instrument.InstrumentationImpl.transform(Ljava/lang/Module;Ljava/lang/ClassLoader;Ljava/lang/String;Ljava/lang/Class;Ljava/security/ProtectionDomain;[BZ)[B @ 24 c2
Event: 674.775 Thread 0x00000292971582c0 DEOPT PACKING pc=0x0000029287e25b50 sp=0x000000d3d03fe650
Event: 674.775 Thread 0x00000292971582c0 DEOPT UNPACKING pc=0x000002928754d2a2 sp=0x000000d3d03fe748 mode 2

Classes loaded (20 events):
Event: 12.246 Loading class java/util/concurrent/CompletableFuture
Event: 12.247 Loading class java/util/concurrent/CompletableFuture done
Event: 12.248 Loading class java/util/concurrent/CompletableFuture$AltResult
Event: 12.248 Loading class java/util/concurrent/CompletableFuture$AltResult done
Event: 12.248 Loading class java/util/concurrent/CompletableFuture$Completion
Event: 12.248 Loading class java/util/concurrent/CompletableFuture$AsynchronousCompletionTask
Event: 12.248 Loading class java/util/concurrent/CompletableFuture$AsynchronousCompletionTask done
Event: 12.248 Loading class java/util/concurrent/CompletableFuture$Completion done
Event: 12.327 Loading class java/util/concurrent/CancellationException
Event: 12.327 Loading class java/util/concurrent/CancellationException done
Event: 12.771 Loading class java/util/ArrayList$ListItr
Event: 12.771 Loading class java/util/ArrayList$ListItr done
Event: 12.985 Loading class java/util/AbstractList$SubList
Event: 12.985 Loading class java/util/AbstractList$SubList done
Event: 13.008 Loading class java/lang/reflect/AnnotatedArrayType
Event: 13.008 Loading class java/lang/reflect/AnnotatedArrayType done
Event: 13.410 Loading class javax/naming/Reference
Event: 13.410 Loading class javax/naming/Reference done
Event: 13.432 Loading class java/lang/invoke/WrongMethodTypeException
Event: 13.432 Loading class java/lang/invoke/WrongMethodTypeException done

Classes unloaded (0 events):
No events

Classes redefined (1 events):
Event: 674.789 Thread 0x00000292feb8c0f0 redefined class name=com.oesdp.oesapi.controller.SubjectController, count=1

Internal exceptions (20 events):
Event: 8.116 Thread 0x00000292981ae280 Exception <a 'java/lang/NoSuchMethodError'{0x00000000880dac28}: 'int java.lang.invoke.DirectMethodHandle$Holder.invokeInterface(java.lang.Object, java.lang.Object, java.lang.Object, java.lang.Object)'> (0x00000000880dac28) 
thrown [s\open\src\hotspot\share\interpreter\linkResolver.cpp, line 773]
Event: 8.260 Thread 0x00000292981ae280 Exception <a 'java/lang/NoSuchMethodError'{0x000000008627dc98}: 'long java.lang.invoke.DirectMethodHandle$Holder.invokeVirtual(java.lang.Object, java.lang.Object)'> (0x000000008627dc98) 
thrown [s\open\src\hotspot\share\interpreter\linkResolver.cpp, line 773]
Event: 8.268 Thread 0x00000292981ae280 Exception <a 'java/io/FileNotFoundException'{0x00000000862ee630}> (0x00000000862ee630) 
thrown [s\open\src\hotspot\share\prims\jni.cpp, line 519]
Event: 8.439 Thread 0x00000292981ae280 Exception <a 'java/lang/NoSuchMethodError'{0x0000000085b87468}: 'java.lang.Object java.lang.invoke.DirectMethodHandle$Holder.newInvokeSpecial(java.lang.Object, java.lang.Object, java.lang.Object, java.lang.Object, java.lang.Object, java.lang.Object, java.lang.Object, java.lang.Object, java.lang.Object, java.lang.Object, java.lang.Object)'> (0x0000000085b87468) 
thrown [s\open\src\hotspot\share\interpreter\linkResolver.cpp, line 773]
Event: 9.247 Thread 0x00000292981ae280 Exception <a 'sun/nio/fs/WindowsException'{0x0000000087f71e40}> (0x0000000087f71e40) 
thrown [s\open\src\hotspot\share\prims\jni.cpp, line 519]
Event: 9.964 Thread 0x00000292981ae280 Exception <a 'java/lang/NoSuchMethodError'{0x00000000863a6c20}: 'java.lang.Object java.lang.invoke.DirectMethodHandle$Holder.invokeStaticInit(java.lang.Object, java.lang.Object, java.lang.Object, java.lang.Object)'> (0x00000000863a6c20) 
thrown [s\open\src\hotspot\share\interpreter\linkResolver.cpp, line 773]
Event: 10.129 Thread 0x00000292981ae280 Exception <a 'java/lang/NoSuchMethodError'{0x0000000085a35f70}: 'void java.lang.invoke.DelegatingMethodHandle$Holder.reinvoke_L(java.lang.Object, java.lang.Object, java.lang.Object, java.lang.Object, int, java.lang.Object, java.lang.Object, java.lang.Object)'> (0x0000000085a35f70) 
thrown [s\open\src\hotspot\share\interpreter\linkResolver.cpp, line 773]
Event: 12.338 Thread 0x00000292981ae280 Exception <a 'java/lang/IncompatibleClassChangeError'{0x0000000086223cb0}: Found class java.lang.Object, but interface was expected> (0x0000000086223cb0) 
thrown [s\open\src\hotspot\share\interpreter\linkResolver.cpp, line 840]
Event: 12.369 Thread 0x00000292981ae280 Exception <a 'java/lang/NoSuchMethodError'{0x000000008605f0e0}: 'java.lang.Object java.lang.invoke.DirectMethodHandle$Holder.invokeStatic(java.lang.Object, java.lang.Object, int, java.lang.Object)'> (0x000000008605f0e0) 
thrown [s\open\src\hotspot\share\interpreter\linkResolver.cpp, line 773]
Event: 12.369 Thread 0x00000292981ae280 Exception <a 'java/lang/NoSuchMethodError'{0x00000000860628d8}: 'java.lang.Object java.lang.invoke.DirectMethodHandle$Holder.invokeStaticInit(java.lang.Object, java.lang.Object, int, java.lang.Object)'> (0x00000000860628d8) 
thrown [s\open\src\hotspot\share\interpreter\linkResolver.cpp, line 773]
Event: 13.220 Thread 0x00000292981ae280 Exception <a 'java/lang/NoSuchMethodError'{0x0000000086badc20}: 'void java.lang.invoke.DirectMethodHandle$Holder.invokeInterface(java.lang.Object, java.lang.Object, int, java.lang.Object)'> (0x0000000086badc20) 
thrown [s\open\src\hotspot\share\interpreter\linkResolver.cpp, line 773]
Event: 13.223 Thread 0x00000292981ae280 Exception <a 'java/lang/NoSuchMethodError'{0x0000000086a021f8}: 'java.lang.Object java.lang.invoke.DirectMethodHandle$Holder.newInvokeSpecial(java.lang.Object, java.lang.Object, int, java.lang.Object)'> (0x0000000086a021f8) 
thrown [s\open\src\hotspot\share\interpreter\linkResolver.cpp, line 773]
Event: 13.224 Thread 0x00000292981ae280 Exception <a 'java/lang/NoSuchMethodError'{0x0000000086a05b58}: 'java.lang.Object java.lang.invoke.Invokers$Holder.linkToTargetMethod(java.lang.Object, int, java.lang.Object, java.lang.Object)'> (0x0000000086a05b58) 
thrown [s\open\src\hotspot\share\interpreter\linkResolver.cpp, line 773]
Event: 13.273 Thread 0x00000292981ae280 Exception <a 'java/lang/NoSuchMethodError'{0x00000000865cc1c0}: 'java.lang.Object java.lang.invoke.DirectMethodHandle$Holder.newInvokeSpecial(java.lang.Object, java.lang.Object, java.lang.Object, java.lang.Object, java.lang.Object, int)'> (0x00000000865cc1c0) 
thrown [s\open\src\hotspot\share\interpreter\linkResolver.cpp, line 773]
Event: 13.273 Thread 0x00000292981ae280 Exception <a 'java/lang/NoSuchMethodError'{0x00000000865d0010}: 'java.lang.Object java.lang.invoke.Invokers$Holder.linkToTargetMethod(java.lang.Object, java.lang.Object, java.lang.Object, java.lang.Object, int, java.lang.Object)'> (0x00000000865d0010) 
thrown [s\open\src\hotspot\share\interpreter\linkResolver.cpp, line 773]
Event: 13.312 Thread 0x00000292981ae280 Exception <a 'java/lang/NoSuchMethodError'{0x00000000861e46e8}: 'java.lang.Object java.lang.invoke.DirectMethodHandle$Holder.newInvokeSpecial(java.lang.Object, java.lang.Object, java.lang.Object, java.lang.Object, java.lang.Object, java.lang.Object)'> (0x00000000861e46e8) 
thrown [s\open\src\hotspot\share\interpreter\linkResolver.cpp, line 773]
Event: 13.325 Thread 0x00000292981ae280 Exception <a 'java/lang/NoSuchMethodError'{0x00000000860e58b8}: 'java.lang.Object java.lang.invoke.DirectMethodHandle$Holder.newInvokeSpecial(java.lang.Object, java.lang.Object, java.lang.Object, java.lang.Object, java.lang.Object, java.lang.Object, java.lang.Object, int)'> (0x00000000860e58b8) 
thrown [s\open\src\hotspot\share\interpreter\linkResolver.cpp, line 773]
Event: 13.326 Thread 0x00000292981ae280 Exception <a 'java/lang/NoSuchMethodError'{0x00000000860e9e18}: 'java.lang.Object java.lang.invoke.DirectMethodHandle$Holder.invokeSpecial(java.lang.Object, java.lang.Object, java.lang.Object, java.lang.Object, java.lang.Object, java.lang.Object, java.lang.Object, java.lang.Object, int)'> (0x00000000860e9e18) 
thrown [s\open\src\hotspot\share\interpreter\linkResolver.cpp, line 773]
Event: 13.348 Thread 0x00000292981ae280 Exception <a 'java/lang/NoSuchMethodError'{0x0000000085d4e288}: 'void java.lang.invoke.DirectMethodHandle$Holder.invokeInterface(java.lang.Object, java.lang.Object)'> (0x0000000085d4e288) 
thrown [s\open\src\hotspot\share\interpreter\linkResolver.cpp, line 773]
Event: 13.425 Thread 0x00000292981ae280 Exception <a 'java/lang/NoSuchMethodError'{0x0000000087e16210}: 'void java.lang.invoke.Invokers$Holder.invokeExact_MT(java.lang.Object, java.lang.Object, java.lang.Object, java.lang.Object)'> (0x0000000087e16210) 
thrown [s\open\src\hotspot\share\interpreter\linkResolver.cpp, line 773]

VM Operations (20 events):
Event: 466.217 Executing VM operation: get/set locals
Event: 466.217 Executing VM operation: get/set locals done
Event: 466.218 Executing VM operation: get/set locals
Event: 466.218 Executing VM operation: get/set locals done
Event: 466.219 Executing VM operation: get/set locals
Event: 466.219 Executing VM operation: get/set locals done
Event: 549.727 Executing VM operation: Cleanup
Event: 549.728 Executing VM operation: Cleanup done
Event: 616.163 Executing VM operation: Cleanup
Event: 616.163 Executing VM operation: Cleanup done
Event: 666.496 Executing VM operation: Cleanup
Event: 666.496 Executing VM operation: Cleanup done
Event: 674.752 Executing VM operation: ChangeSingleStep
Event: 674.752 Executing VM operation: ChangeSingleStep done
Event: 674.754 Executing VM operation: ChangeSingleStep
Event: 674.754 Executing VM operation: ChangeSingleStep done
Event: 674.776 Executing VM operation: RedefineClasses
Event: 674.817 Executing VM operation: RedefineClasses done
Event: 674.819 Executing VM operation: ChangeSingleStep
Event: 674.819 Executing VM operation: ChangeSingleStep done

Events (20 events):
Event: 9.450 Thread 0x00000292feb8c0f0 flushing nmethod 0x0000029287b0cb90
Event: 9.450 Thread 0x00000292feb8c0f0 flushing nmethod 0x0000029287b03790
Event: 9.450 Thread 0x00000292feb8c0f0 flushing nmethod 0x0000029287b02390
Event: 9.450 Thread 0x00000292feb8c0f0 flushing nmethod 0x0000029287af6890
Event: 9.450 Thread 0x00000292feb8c0f0 flushing nmethod 0x0000029287af6210
Event: 9.450 Thread 0x00000292feb8c0f0 flushing nmethod 0x0000029287adf990
Event: 9.450 Thread 0x00000292feb8c0f0 flushing nmethod 0x0000029287ade510
Event: 9.450 Thread 0x00000292feb8c0f0 flushing nmethod 0x0000029287aeb510
Event: 9.450 Thread 0x00000292feb8c0f0 flushing nmethod 0x0000029287ae9490
Event: 9.450 Thread 0x00000292feb8c0f0 flushing nmethod 0x0000029287ae5d10
Event: 9.450 Thread 0x00000292feb8c0f0 flushing nmethod 0x0000029287ae5490
Event: 9.450 Thread 0x00000292feb8c0f0 flushing nmethod 0x0000029287ae4d10
Event: 9.450 Thread 0x00000292feb8c0f0 flushing nmethod 0x0000029287ae7410
Event: 9.450 Thread 0x00000292feb8c0f0 flushing nmethod 0x0000029287ae2510
Event: 9.450 Thread 0x00000292feb8c0f0 flushing nmethod 0x0000029287adaa10
Event: 9.450 Thread 0x00000292feb8c0f0 flushing nmethod 0x0000029287ad1410
Event: 9.928 Thread 0x0000029297b8d9b0 Thread added: 0x0000029297b8d9b0
Event: 10.071 Thread 0x000002929ab03e90 Thread added: 0x000002929ab03e90
Event: 15.691 Thread 0x000002929ab03e90 Thread exited: 0x000002929ab03e90
Event: 18.443 Thread 0x0000029297233e20 Thread exited: 0x0000029297233e20


Dynamic libraries:
0x00007ff677d60000 - 0x00007ff677d70000 	C:\Program Files\Java\jdk-20\bin\javaw.exe
0x00007ffc8c7d0000 - 0x00007ffc8c9e4000 	C:\WINDOWS\SYSTEM32\ntdll.dll
0x00007ffc8b7f0000 - 0x00007ffc8b8b4000 	C:\WINDOWS\System32\KERNEL32.DLL
0x00007ffc8a1b0000 - 0x00007ffc8a554000 	C:\WINDOWS\System32\KERNELBASE.dll
0x00007ffc89db0000 - 0x00007ffc89ec1000 	C:\WINDOWS\System32\ucrtbase.dll
0x00007ffc5e4b0000 - 0x00007ffc5e4c9000 	C:\Program Files\Java\jdk-20\bin\jli.dll
0x00007ffc8c520000 - 0x00007ffc8c5d0000 	C:\WINDOWS\System32\ADVAPI32.dll
0x00007ffc8ba70000 - 0x00007ffc8bb17000 	C:\WINDOWS\System32\msvcrt.dll
0x00007ffc8aae0000 - 0x00007ffc8ab86000 	C:\WINDOWS\System32\sechost.dll
0x00007ffc8c5f0000 - 0x00007ffc8c707000 	C:\WINDOWS\System32\RPCRT4.dll
0x00007ffc8ab90000 - 0x00007ffc8ad3e000 	C:\WINDOWS\System32\USER32.dll
0x00007ffc8a0c0000 - 0x00007ffc8a0e6000 	C:\WINDOWS\System32\win32u.dll
0x00007ffc8bf80000 - 0x00007ffc8bfa9000 	C:\WINDOWS\System32\GDI32.dll
0x00007ffc89b80000 - 0x00007ffc89c98000 	C:\WINDOWS\System32\gdi32full.dll
0x00007ffc89ca0000 - 0x00007ffc89d3a000 	C:\WINDOWS\System32\msvcp_win.dll
0x00007ffc5e1f0000 - 0x00007ffc5e20b000 	C:\Program Files\Java\jdk-20\bin\VCRUNTIME140.dll
0x00007ffc7c3c0000 - 0x00007ffc7c653000 	C:\WINDOWS\WinSxS\amd64_microsoft.windows.common-controls_6595b64144ccf1df_6.0.22621.2215_none_270d72677387dfc3\COMCTL32.dll
0x00007ffc854f0000 - 0x00007ffc854fa000 	C:\WINDOWS\SYSTEM32\VERSION.dll
0x00007ffc8bf40000 - 0x00007ffc8bf71000 	C:\WINDOWS\System32\IMM32.DLL
0x00007ffc83750000 - 0x00007ffc8375c000 	C:\Program Files\Java\jdk-20\bin\vcruntime140_1.dll
0x00007ffc2d1b0000 - 0x00007ffc2d23e000 	C:\Program Files\Java\jdk-20\bin\msvcp140.dll
0x00007ffbc3070000 - 0x00007ffbc3d07000 	C:\Program Files\Java\jdk-20\bin\server\jvm.dll
0x00007ffc02d40000 - 0x00007ffc02d49000 	C:\WINDOWS\SYSTEM32\WSOCK32.dll
0x00007ffc8bb20000 - 0x00007ffc8bb91000 	C:\WINDOWS\System32\WS2_32.dll
0x00007ffc83710000 - 0x00007ffc83744000 	C:\WINDOWS\SYSTEM32\WINMM.dll
0x00007ffc88c90000 - 0x00007ffc88ca8000 	C:\WINDOWS\SYSTEM32\kernel.appcore.dll
0x00007ffc5e0c0000 - 0x00007ffc5e0ca000 	C:\Program Files\Java\jdk-20\bin\jimage.dll
0x00007ffc87170000 - 0x00007ffc8739e000 	C:\WINDOWS\SYSTEM32\DBGHELP.DLL
0x00007ffc8bba0000 - 0x00007ffc8bf2a000 	C:\WINDOWS\System32\combase.dll
0x00007ffc8b710000 - 0x00007ffc8b7e7000 	C:\WINDOWS\System32\OLEAUT32.dll
0x00007ffc839c0000 - 0x00007ffc839f2000 	C:\WINDOWS\SYSTEM32\dbgcore.DLL
0x00007ffc89ed0000 - 0x00007ffc89f4a000 	C:\WINDOWS\System32\bcryptPrimitives.dll
0x00007ffc2d4a0000 - 0x00007ffc2d4dc000 	C:\Program Files\Java\jdk-20\bin\jdwp.dll
0x00007ffc7bcc0000 - 0x00007ffc7bcce000 	C:\Program Files\Java\jdk-20\bin\instrument.dll
0x00007ffc4bfc0000 - 0x00007ffc4bfe6000 	C:\Program Files\Java\jdk-20\bin\java.dll
0x00007ffc2d0c0000 - 0x00007ffc2d197000 	C:\Program Files\Java\jdk-20\bin\jsvml.dll
0x00007ffc8ad40000 - 0x00007ffc8b563000 	C:\WINDOWS\System32\SHELL32.dll
0x00007ffc87ad0000 - 0x00007ffc883ba000 	C:\WINDOWS\SYSTEM32\windows.storage.dll
0x00007ffc87990000 - 0x00007ffc87ace000 	C:\WINDOWS\SYSTEM32\wintypes.dll
0x00007ffc8c210000 - 0x00007ffc8c303000 	C:\WINDOWS\System32\SHCORE.dll
0x00007ffc8c710000 - 0x00007ffc8c76e000 	C:\WINDOWS\System32\shlwapi.dll
0x00007ffc89ab0000 - 0x00007ffc89ad6000 	C:\WINDOWS\SYSTEM32\profapi.dll
0x00007ffc5e900000 - 0x00007ffc5e90c000 	C:\Program Files\Java\jdk-20\bin\dt_socket.dll
0x00007ffc88680000 - 0x00007ffc886ad000 	C:\WINDOWS\SYSTEM32\IPHLPAPI.DLL
0x00007ffc89140000 - 0x00007ffc891a9000 	C:\WINDOWS\system32\mswsock.dll
0x00007ffc886b0000 - 0x00007ffc887a2000 	C:\WINDOWS\SYSTEM32\DNSAPI.dll
0x00007ffc8bf30000 - 0x00007ffc8bf39000 	C:\WINDOWS\System32\NSI.dll
0x00007ffc82750000 - 0x00007ffc8275a000 	C:\Windows\System32\rasadhlp.dll
0x00007ffc83680000 - 0x00007ffc83704000 	C:\WINDOWS\System32\fwpuclnt.dll
0x00007ffc37e00000 - 0x00007ffc37e18000 	C:\Program Files\Java\jdk-20\bin\zip.dll
0x00007ffc37e40000 - 0x00007ffc37e53000 	C:\Program Files\Java\jdk-20\bin\net.dll
0x00007ffc862c0000 - 0x00007ffc863f7000 	C:\WINDOWS\SYSTEM32\WINHTTP.dll
0x00007ffc37e20000 - 0x00007ffc37e36000 	C:\Program Files\Java\jdk-20\bin\nio.dll
0x00007ffc5cd80000 - 0x00007ffc5cd90000 	C:\Program Files\Java\jdk-20\bin\verify.dll
0x00007ffc5e680000 - 0x00007ffc5e68a000 	C:\Program Files\Java\jdk-20\bin\management.dll
0x00007ffc5e0d0000 - 0x00007ffc5e0db000 	C:\Program Files\Java\jdk-20\bin\management_ext.dll
0x00007ffc8c110000 - 0x00007ffc8c118000 	C:\WINDOWS\System32\PSAPI.DLL
0x00007ffc89390000 - 0x00007ffc893ab000 	C:\WINDOWS\SYSTEM32\CRYPTSP.dll
0x00007ffc88c00000 - 0x00007ffc88c35000 	C:\WINDOWS\system32\rsaenh.dll
0x00007ffc89230000 - 0x00007ffc8925c000 	C:\WINDOWS\SYSTEM32\USERENV.dll
0x00007ffc89530000 - 0x00007ffc89558000 	C:\WINDOWS\SYSTEM32\bcrypt.dll
0x00007ffc893b0000 - 0x00007ffc893bc000 	C:\WINDOWS\SYSTEM32\CRYPTBASE.dll
0x00007ffc862a0000 - 0x00007ffc862b9000 	C:\WINDOWS\SYSTEM32\dhcpcsvc6.DLL
0x00007ffc86280000 - 0x00007ffc8629f000 	C:\WINDOWS\SYSTEM32\dhcpcsvc.DLL
0x00007ffc4db60000 - 0x00007ffc4db6e000 	C:\Program Files\Java\jdk-20\bin\sunmscapi.dll
0x00007ffc89f50000 - 0x00007ffc8a0b6000 	C:\WINDOWS\System32\CRYPT32.dll
0x00007ffc89500000 - 0x00007ffc8952e000 	C:\WINDOWS\SYSTEM32\ncrypt.dll
0x00007ffc894c0000 - 0x00007ffc894f7000 	C:\WINDOWS\SYSTEM32\NTASN1.dll
0x00007ffc4d600000 - 0x00007ffc4d607000 	C:\Program Files\Java\jdk-20\bin\extnet.dll

dbghelp: loaded successfully - version: 4.0.5 - missing functions: none
symbol engine: initialized successfully - sym options: 0x614 - pdb path: .;C:\Program Files\Java\jdk-20\bin;C:\WINDOWS\SYSTEM32;C:\WINDOWS\WinSxS\amd64_microsoft.windows.common-controls_6595b64144ccf1df_6.0.22621.2215_none_270d72677387dfc3;C:\Program Files\Java\jdk-20\bin\server

VM Arguments:
jvm_args: -XX:+ShowCodeDetailsInExceptionMessages -agentlib:jdwp=transport=dt_socket,suspend=y,address=localhost:53814 -javaagent:C:\Users\Kristen Talukdar\eclipse\jee-2023-03\eclipse\configuration\org.eclipse.osgi\424\0\.cp\lib\javaagent-shaded.jar -Dfile.encoding=UTF-8 
java_command: com.oesdp.oesapi.OesApiApplication
java_class_path (initial): C:\WORK\oes-api\target\classes;C:\Users\Kristen Talukdar\.m2\repository\org\springframework\boot\spring-boot-starter-data-jpa\3.1.3\spring-boot-starter-data-jpa-3.1.3.jar;C:\Users\Kristen Talukdar\.m2\repository\org\springframework\boot\spring-boot-starter-aop\3.1.3\spring-boot-starter-aop-3.1.3.jar;C:\Users\Kristen Talukdar\.m2\repository\org\springframework\spring-aop\6.0.11\spring-aop-6.0.11.jar;C:\Users\Kristen Talukdar\.m2\repository\org\aspectj\aspectjweaver\1.9.20\aspectjweaver-1.9.20.jar;C:\Users\Kristen Talukdar\.m2\repository\org\springframework\boot\spring-boot-starter-jdbc\3.1.3\spring-boot-starter-jdbc-3.1.3.jar;C:\Users\Kristen Talukdar\.m2\repository\com\zaxxer\HikariCP\5.0.1\HikariCP-5.0.1.jar;C:\Users\Kristen Talukdar\.m2\repository\org\springframework\spring-jdbc\6.0.11\spring-jdbc-6.0.11.jar;C:\Users\Kristen Talukdar\.m2\repository\org\hibernate\orm\hibernate-core\6.2.7.Final\hibernate-core-6.2.7.Final.jar;C:\Users\Kristen Talukdar\.m2\repository\jakarta\persistence\jakarta.persistence-api\3.1.0\jakarta.persistence-api-3.1.0.jar;C:\Users\Kristen Talukdar\.m2\repository\jakarta\transaction\jakarta.transaction-api\2.0.1\jakarta.transaction-api-2.0.1.jar;C:\Users\Kristen Talukdar\.m2\repository\org\jboss\logging\jboss-logging\3.5.3.Final\jboss-logging-3.5.3.Final.jar;C:\Users\Kristen Talukdar\.m2\repository\org\hibernate\common\hibernate-commons-annotations\6.0.6.Final\hibernate-commons-annotations-6.0.6.Final.jar;C:\Users\Kristen Talukdar\.m2\repository\io\smallrye\jandex\3.0.5\jandex-3.0.5.jar;C:\Users\Kristen Talukdar\.m2\repository\com\fasterxml\classmate\1.5.1\classmate-1.5.1.jar;C:\Users\Kristen Talukdar\.m2\repository\net\bytebuddy\byte-buddy\1.14.6\byte-buddy-1.14.6.jar;C:\Users\Kristen Talukdar\.m2\repository\org\glassfish\jaxb\jaxb-runtime\4.0.3\jaxb-runtime-4.0.3.jar;C:\Users\Kristen Talukdar\.m2\repository\org\glassfish\jaxb\jaxb-core\4.0.3\jaxb-core-4.0.3.jar;C:\Users\Kristen Talukdar\.m2\repository\org\eclipse\angus\angus-activation\2.0.1\angus-activation-2.0.1.jar;C:\Users\Kristen Talukdar\.m2\repository\org\glassfish\jaxb\txw2\4.0.3\txw2-4.0.3.jar;C:\Users\Kristen Talukdar\.m2\repository\com\sun\istack\istack-commons-runtime\4.1.2\istack-commons-runtime-4.1.2.jar;C:\Users\Kristen Talukdar\.m2\repository\jakarta\inject\jakarta.inject-api\2.0.1\jakarta.inject-api-2.0.1.jar;C:\Users\Kristen Talukdar\.m2\repository\org\antlr\antlr4-runtime\4.10.1\antlr4-runtime-4.10.1.jar;C:\Users\Kristen Talukdar\.m2\repository\org\springframework\data\spring-data-jpa\3.1.3\spring-data-jpa-3.1.3.jar;C:\Users\Kristen Talukdar\.m2\repository\org\springframework\data\spring-data-commons\3.1.3\spring-data-commons-3.1.3.jar;C:\Users\Kristen Talukdar\.m2\repository\org\springframework\spring-orm\6.0.11\spring-orm-6.0.11.jar;C:\Users\Kristen Talukdar\.m2\repository\org\springframework\spring-context\6.0.11\spring-context-6.0.11.jar;C:\Users\Kristen Talukdar\.m2\repository\org\springframework\spring-tx\6.0.11\spring-tx-6.0.11.jar;C:\Users\Kristen Talukdar\.m2\repository\org\springframework\spring-beans\6.0.11\spring-beans-6.0.11.jar;C:\Users\Kristen Talukdar\.m2\repository\jakarta\annotation\jakarta.annotation-api\2.1.1\jakarta.annotation-api-2.1.1.jar;C:\Users\Kristen Talukdar\.m2\repository\org\slf4j\slf4j-api\2.0.7\slf4j-api-2.0.7.jar;C:\Users\Kristen Talukdar\.m2\repository\org\springframework\spring-aspects\6.0.11\spring-aspects-6.0.11.jar;C:\Users\Kristen Talukdar\.m2\repository\org\springframework\boot\spring-boot-starter-web\3.1.3\spring-boot-starter-web-3.1.3.jar;C:\Users\Kristen Talukdar\.m2\repository\org\springframework\boot\spring-boot-starter\3.1.3\spring-boot-starter-3.1.3.jar;C:\Users\Kristen Talukdar\.m2\repository\org\springframework\boot\spring-boot-starter-logging\3.1.3\spring-boot-starter-logging-3.1.3.jar;C:\Users\Kristen Talukdar\.m2\repository\ch\qos\logback\logback-classic\1.4.11\logback-classic-1.4.11.jar;C:\Users\Kristen Talukdar\.m2\repository\ch\qos\logback\logback-core\1.4.11\logback-core-1.4.11.jar;C:\Users\Kristen Talukdar\.m2\repository\org\apache\logging\log4j\log4j-to-slf4j\2.20.0\log4j-to-slf4j-2.20.0.jar;C:\Users\Kristen Talukdar\.m2\repository\org\apache\logging\log4j\log4j-api\2.20.0\log4j-api-2.20.0.jar;C:\Users\Kristen Talukdar\.m2\repository\org\slf4j\jul-to-slf4j\2.0.7\jul-to-slf4j-2.0.7.jar;C:\Users\Kristen Talukdar\.m2\repository\org\yaml\snakeyaml\1.33\snakeyaml-1.33.jar;C:\Users\Kristen Talukdar\.m2\repository\org\springframework\boot\spring-boot-starter-json\3.1.3\spring-boot-starter-json-3.1.3.jar;C:\Users\Kristen Talukdar\.m2\repository\com\fasterxml\jackson\core\jackson-databind\2.15.2\jackson-databind-2.15.2.jar;C:\Users\Kristen Talukdar\.m2\repository\com\fasterxml\jackson\core\jackson-annotations\2.15.2\jackson-annotations-2.15.2.jar;C:\Users\Kristen Talukdar\.m2\repository\com\fasterxml\jackson\core\jackson-core\2.15.2\jackson-core-2.15.2.jar;C:\Users\Kristen Talukdar\.m2\repository\com\fasterxml\jackson\datatype\jackson-datatype-jdk8\2.15.2\jackson-datatype-jdk8-2.15.2.jar;C:\Users\Kristen Talukdar\.m2\repository\com\fasterxml\jackson\datatype\jackson-datatype-jsr310\2.15.2\jackson-datatype-jsr310-2.15.2.jar;C:\Users\Kristen Talukdar\.m2\repository\com\fasterxml\jackson\module\jackson-module-parameter-names\2.15.2\jackson-module-parameter-names-2.15.2.jar;C:\Users\Kristen Talukdar\.m2\repository\org\springframework\boot\spring-boot-starter-tomcat\3.1.3\spring-boot-starter-tomcat-3.1.3.jar;C:\Users\Kristen Talukdar\.m2\repository\org\apache\tomcat\embed\tomcat-embed-core\10.1.12\tomcat-embed-core-10.1.12.jar;C:\Users\Kristen Talukdar\.m2\repository\org\apache\tomcat\embed\tomcat-embed-el\10.1.12\tomcat-embed-el-10.1.12.jar;C:\Users\Kristen Talukdar\.m2\repository\org\apache\tomcat\embed\tomcat-embed-websocket\10.1.12\tomcat-embed-websocket-10.1.12.jar;C:\Users\Kristen Talukdar\.m2\repository\org\springframework\spring-web\6.0.11\spring-web-6.0.11.jar;C:\Users\Kristen Talukdar\.m2\repository\io\micrometer\micrometer-observation\1.11.3\micrometer-observation-1.11.3.jar;C:\Users\Kristen Talukdar\.m2\repository\io\micrometer\micrometer-commons\1.11.3\micrometer-commons-1.11.3.jar;C:\Users\Kristen Talukdar\.m2\repository\org\springframework\spring-webmvc\6.0.11\spring-webmvc-6.0.11.jar;C:\Users\Kristen Talukdar\.m2\repository\org\springframework\spring-expression\6.0.11\spring-expression-6.0.11.jar;C:\Users\Kristen Talukdar\.m2\repository\org\springframework\boot\spring-boot-devtools\3.1.3\spring-boot-devtools-3.1.3.jar;C:\Users\Kristen Talukdar\.m2\repository\org\springframework\boot\spring-boot\3.1.3\spring-boot-3.1.3.jar;C:\Users\Kristen Talukdar\.m2\repository\org\springframework\boot\spring-boot-autoconfigure\3.1.3\spring-boot-autoconfigure-3.1.3.jar;C:\Users\Kristen Talukdar\.m2\repository\com\mysql\mysql-connector-j\8.0.33\mysql-connector-j-8.0.33.jar;C:\Users\Kristen Talukdar\.m2\repository\jakarta\xml\bind\jakarta.xml.bind-api\4.0.0\jakarta.xml.bind-api-4.0.0.jar;C:\Users\Kristen Talukdar\.m2\repository\jakarta\activation\jakarta.activation-api\2.1.2\jakarta.activation-api-2.1.2.jar;C:\Users\Kristen Talukdar\.m2\repository\org\springframework\spring-core\6.0.11\spring-core-6.0.11.jar;C:\Users\Kristen Talukdar\.m2\repository\org\springframework\spring-jcl\6.0.11\spring-jcl-6.0.11.jar
Launcher Type: SUN_STANDARD

[Global flags]
     intx CICompilerCount                          = 3                                         {product} {ergonomic}
     uint ConcGCThreads                            = 1                                         {product} {ergonomic}
     uint G1ConcRefinementThreads                  = 4                                         {product} {ergonomic}
   size_t G1HeapRegionSize                         = 1048576                                   {product} {ergonomic}
    uintx GCDrainStackTargetSize                   = 64                                        {product} {ergonomic}
   size_t InitialHeapSize                          = 130023424                                 {product} {ergonomic}
   size_t MarkStackSize                            = 4194304                                   {product} {ergonomic}
   size_t MaxHeapSize                              = 2078277632                                {product} {ergonomic}
   size_t MaxNewSize                               = 1246756864                                {product} {ergonomic}
   size_t MinHeapDeltaBytes                        = 1048576                                   {product} {ergonomic}
   size_t MinHeapSize                              = 8388608                                   {product} {ergonomic}
    uintx NonNMethodCodeHeapSize                   = 5832780                                {pd product} {ergonomic}
    uintx NonProfiledCodeHeapSize                  = 122912730                              {pd product} {ergonomic}
    uintx ProfiledCodeHeapSize                     = 122912730                              {pd product} {ergonomic}
    uintx ReservedCodeCacheSize                    = 251658240                              {pd product} {ergonomic}
     bool SegmentedCodeCache                       = true                                      {product} {ergonomic}
     bool ShowCodeDetailsInExceptionMessages       = true                                   {manageable} {command line}
   size_t SoftMaxHeapSize                          = 2078277632                             {manageable} {ergonomic}
     bool UseCompressedClassPointers               = true                           {product lp64_product} {ergonomic}
     bool UseCompressedOops                        = true                           {product lp64_product} {ergonomic}
     bool UseG1GC                                  = true                                      {product} {ergonomic}
     bool UseLargePagesIndividualAllocation        = false                                  {pd product} {ergonomic}

Logging:
Log output configuration:
 #0: stdout all=warning uptime,level,tags foldmultilines=false
 #1: stderr all=off uptime,level,tags foldmultilines=false

Environment Variables:
PATH=C:/Program Files/Java/jdk-20/bin/server;C:/Program Files/Java/jdk-20/bin;C:\Python311\Scripts\;C:\Python311\;C:\Program Files (x86)\VMware\VMware Player\bin\;C:\Program Files\Java\jdk-20\bin;C:\Program Files\Common Files\Oracle\Java\javapath;C:\Windows\system32;C:\Windows;C:\Windows\System32\Wbem;C:\Windows\System32\WindowsPowerShell\v1.0\;C:\Windows\System32\OpenSSH\;C:\Program Files\dotnet\;C:\Program Files\Microsoft SQL Server\150\Tools\Binn\;C:\Program Files\Microsoft SQL Server\Client SDK\ODBC\170\Tools\Binn\;C:\Program Files (x86)\Microsoft SQL Server\150\DTS\Binn\;C:\Program Files\Azure Data Studio\bin;C:\Program Files (x86)\Microsoft SQL Server\150\Tools\Binn\;C:\Program Files\Microsoft SQL Server\150\DTS\Binn\;C:\MinGW\bin\;C:\MinGW\libexec\gcc\mingw32\6.3.0\;C:\WINDOWS\system32;C:\WINDOWS;C:\WINDOWS\System32\Wbem;C:\WINDOWS\System32\WindowsPowerShell\v1.0\;C:\WINDOWS\System32\OpenSSH\;C:\Program Files\PuTTY\;C:\Program Files\nodejs\;C:\ProgramData\chocolatey\bin;C:\Users\Kristen Talukdar\anaconda3;C:\Users\Kristen Talukdar\anaconda3\Library\mingw-w64\bin;C:\Users\Kristen Talukdar\anaconda3\Library\usr\bin;C:\Users\Kristen Talukdar\anaconda3\Library\bin;C:\Users\Kristen Talukdar\anaconda3\Scripts;C:\Program Files\MySQL\MySQL Shell 8.0\bin\;C:\Users\Kristen Talukdar\AppData\Local\Programs\Python\Python39\Scripts\;C:\Users\Kristen Talukdar\AppData\Local\Programs\Python\Python39\;C:\Users\Kristen Talukdar\AppData\Local\Microsoft\WindowsApps;C:\Users\Kristen Talukdar\.dotnet\tools;C:\Program Files\Azure Data Studio\bin;C:\Users\Kristen Talukdar\AppData\Local\Programs\Microsoft VS Code\bin;C:\msys64\ucrt64\bin;C:\msys64\mingw64\bin;C:\Users\Kristen Talukdar\AppData\Local\GitHubDesktop\bin;C:\Users\Kristen Talukdar\AppData\Roaming\npm;C:\Users\Kristen Talukdar\OneDrive\Desktop;
USERNAME=Kristen Talukdar
OS=Windows_NT
PROCESSOR_IDENTIFIER=Intel64 Family 6 Model 140 Stepping 1, GenuineIntel
TMP=C:\Users\KRISTE~1\AppData\Local\Temp
TEMP=C:\Users\KRISTE~1\AppData\Local\Temp




---------------  S Y S T E M  ---------------

OS:
 Windows 11 , 64 bit Build 22621 (10.0.22621.2215)
OS uptime: 1 days 8:49 hours
Hyper-V role detected

CPU: total 4 (initial active 4) (2 cores per cpu, 2 threads per core) family 6 model 140 stepping 1 microcode 0xac, cx8, cmov, fxsr, ht, mmx, 3dnowpref, sse, sse2, sse3, ssse3, sse4.1, sse4.2, popcnt, lzcnt, tsc, tscinvbit, avx, avx2, aes, erms, clmul, bmi1, bmi2, adx, avx512f, avx512dq, avx512cd, avx512bw, avx512vl, sha, fma, vzeroupper, avx512_vpopcntdq, avx512_vpclmulqdq, avx512_vaes, avx512_vnni, clflush, clflushopt, clwb, avx512_vbmi2, avx512_vbmi, hv, rdtscp, rdpid, fsrm, gfni, avx512_bitalg, f16c, cet_ibt, cet_ss, avx512_ifma

Memory: 4k page, system-wide physical 7926M (943M free)
TotalPageFile size 18166M (AvailPageFile size 6262M)
current process WorkingSet (physical memory assigned to process): 196M, peak: 265M
current process commit charge ("private bytes"): 232M, peak: 293M

vm_info: Java HotSpot(TM) 64-Bit Server VM (20.0.1+9-29) for windows-amd64 JRE (20.0.1+9-29), built on 2023-03-07T13:56:11Z by "mach5one" with MS VC++ 17.1 (VS2022)

END.
