#
# A fatal error has been detected by the Java Runtime Environment:
#
#  EXCEPTION_ACCESS_VIOLATION (0xc0000005) at pc=0x000001be193317ac, pid=24176, tid=7668
#
# JRE version: Java(TM) SE Runtime Environment (20.0.1+9) (build 20.0.1+9-29)
# Java VM: Java HotSpot(TM) 64-Bit Server VM (20.0.1+9-29, mixed mode, sharing, tiered, compressed oops, compressed class ptrs, g1 gc, windows-amd64)
# Problematic frame:
# v  ~BufferBlob::MethodHandles adapters 0x000001be193317ac
#
# No core dump will be written. Minidumps are not enabled by default on client versions of Windows
#
# If you would like to submit a bug report, please visit:
#   https://bugreport.java.com/bugreport/crash.jsp
#

---------------  S U M M A R Y ------------

Command Line: -XX:+ShowCodeDetailsInExceptionMessages -agentlib:jdwp=transport=dt_socket,suspend=y,address=localhost:53854 -javaagent:C:\Users\Kristen Talukdar\eclipse\jee-2023-03\eclipse\configuration\org.eclipse.osgi\424\0\.cp\lib\javaagent-shaded.jar -Dfile.encoding=UTF-8 com.oesdp.oesapi.OesApiApplication

Host: 11th Gen Intel(R) Core(TM) i3-1115G4 @ 3.00GHz, 4 cores, 7G,  Windows 11 , 64 bit Build 22621 (10.0.22621.2215)
Time: Sat Sep 16 13:58:39 2023 India Standard Time elapsed time: 481.972283 seconds (0d 0h 8m 1s)

---------------  T H R E A D  ---------------

Current thread (0x000001be2afd7560):  JavaThread "restartedMain" [_thread_in_Java, id=7668, stack(0x0000000c93200000,0x0000000c93300000)]

Stack: [0x0000000c93200000,0x0000000c93300000],  sp=0x0000000c932fe438,  free space=1017k
Native frames: (J=compiled Java code, j=interpreted, Vv=VM code, C=native code)
C  0x000001be193317ac


siginfo: EXCEPTION_ACCESS_VIOLATION (0xc0000005), reading address 0xffffffffffffffff


Registers:
RAX=0x000001be192fe7de, RBX=0x87e546d800000000, RCX=0x0000000c932fe440, RDX=0x0000000000000002
RSP=0x0000000c932fe438, RBP=0x0000000c932fe488, RSI=0x000001be2b8b8ed8, RDI=0x000001be2eaa3080
R8 =0x0000000000000004, R9 =0x0000000000000004, R10=0x0000000800000000, R11=0x00000008000b8e90
R12=0x0000000000000000, R13=0x0000000c932fe438, R14=0x0000000c932fe4a8, R15=0x000001be2afd7560
RIP=0x000001be193317ac, EFLAGS=0x0000000000010202


Register to memory mapping:

RIP=0x000001be193317ac is at begin+68 in a stub
MethodHandle::interpreter_entry::_linkToSpecial [0x000001be19331768, 0x000001be193317b7] (79 bytes)
RAX=0x000001be192fe7de is at code_begin+3294 in an Interpreter codelet
return entry points  [0x000001be192fdb00, 0x000001be192ffb38]  8248 bytes
RBX=0x87e546d800000000 is an unknown value
RCX=0x0000000c932fe440 is pointing into the stack for thread: 0x000001be2afd7560
RDX=0x0000000000000002 is an unknown value
RSP=0x0000000c932fe438 is pointing into the stack for thread: 0x000001be2afd7560
RBP=0x0000000c932fe488 is pointing into the stack for thread: 0x000001be2afd7560
RSI=0x000001be2b8b8ed8 points into unknown readable memory: 0x80000b3182cd764a | 4a 76 cd 82 31 0b 00 80
RDI=0x000001be2eaa3080 points into unknown readable memory: 0x0000001800000070 | 70 00 00 00 18 00 00 00
R8 =0x0000000000000004 is an unknown value
R9 =0x0000000000000004 is an unknown value
R10=0x0000000800000000 is pointing into metadata
R11={method} {0x00000008000b8e98} 'newInvokeSpecial' '(Ljava/lang/Object;)Ljava/lang/Object;' in 'java/lang/invoke/DirectMethodHandle$Holder'
R12=0x0 is NULL
R13=0x0000000c932fe438 is pointing into the stack for thread: 0x000001be2afd7560
R14=0x0000000c932fe4a8 is pointing into the stack for thread: 0x000001be2afd7560
R15=0x000001be2afd7560 is a thread


Top of Stack: (sp=0x0000000c932fe438)
0x0000000c932fe438:   000001be192fe7de 0000000c932fe440
0x0000000c932fe448:   0000000800722b07 0000000c932fe4a8
0x0000000c932fe458:   00000008000b4350 000001be26a27100
0x0000000c932fe468:   0000000084468630 00000008000b8e90
0x0000000c932fe478:   0000000c932fe438 0000000c932fe4b0
0x0000000c932fe488:   0000000c932fe848 000001be1221e205
0x0000000c932fe498:   0000000087e545e0 0000000087e54688
0x0000000c932fe4a8:   0000000087e54640 0000000087e54610
0x0000000c932fe4b8:   0000000000000000 00000000848437d0
0x0000000c932fe4c8:   0000000000000001 00000000848437d0
0x0000000c932fe4d8:   0000000084a3fdf0 0000000087e543f0
0x0000000c932fe4e8:   0000000000000000 0000000c932fe848
0x0000000c932fe4f8:   000001be127be65c 0000000000000000
0x0000000c932fe508:   0000000000000000 0000000000000000
0x0000000c932fe518:   0000000000000000 0000000000000000
0x0000000c932fe528:   0000000000000000 0000000000000000
0x0000000c932fe538:   0000000000000000 0000000000000000
0x0000000c932fe548:   0000000000000000 0000000000000000
0x0000000c932fe558:   0000000087e54670 0000000087e54448
0x0000000c932fe568:   0000000000000000 0000000087e542a8
0x0000000c932fe578:   0000000087e543f0 0000000087e543f0
0x0000000c932fe588:   00000000848437d0 00000000848437d0
0x0000000c932fe598:   0000000000000001 0000000c932fe848
0x0000000c932fe5a8:   000001be1266e7f4 0000000000000000
0x0000000c932fe5b8:   0000000087e54640 0000000c932fe848
0x0000000c932fe5c8:   000001be126b9c14 0000000000000000
0x0000000c932fe5d8:   0000000000000000 0000000000000000
0x0000000c932fe5e8:   0000000000000000 000001be2afd7560
0x0000000c932fe5f8:   0000000000000000 0000000087e543f0
0x0000000c932fe608:   0000000000000000 0000000087e542a8
0x0000000c932fe618:   0000000087e54670 0000000087e543f0
0x0000000c932fe628:   0000000000000000 0000000000000000 

Instructions: (pc=0x000001be193317ac)
0x000001be193316ac:   8b 59 14 8b 5b 28 8b 5b 24 48 8b 5b 10 48 85 db
0x000001be193316bc:   0f 84 10 00 00 00 41 80 bf 08 05 00 00 00 74 03
0x000001be193316cc:   ff 63 38 ff 63 50 e9 29 b5 01 00 66 0f 1f 84 00
0x000001be193316dc:   00 00 00 00 48 8b 53 08 0f b7 52 2c 48 8b 0c d4
0x000001be193316ec:   58 5b 50 44 8b 51 08 49 bb 00 00 00 00 08 00 00
0x000001be193316fc:   00 4d 03 d3 4c 8b 5b 10 4b 8b 9c da c0 01 00 00
0x000001be1933170c:   48 85 db 0f 84 10 00 00 00 41 80 bf 08 05 00 00
0x000001be1933171c:   00 74 03 ff 63 38 ff 63 50 e9 d6 b4 01 00 66 66
0x000001be1933172c:   66 0f 1f 84 00 00 00 00 00 66 66 66 90 0f 1f 80
0x000001be1933173c:   00 00 00 00 58 5b 50 8b 5b 24 48 8b 5b 10 48 85
0x000001be1933174c:   db 0f 84 10 00 00 00 41 80 bf 08 05 00 00 00 74
0x000001be1933175c:   03 ff 63 38 ff 63 50 e9 98 b4 01 00 66 66 66 0f
0x000001be1933176c:   1f 84 00 00 00 00 00 66 66 66 90 66 0f 1f 84 00
0x000001be1933177c:   00 00 00 00 48 8b 53 08 0f b7 52 2c 48 8b 0c d4
0x000001be1933178c:   58 5b 50 48 3b 01 8b 5b 24 48 8b 5b 10 48 85 db
0x000001be1933179c:   0f 84 10 00 00 00 41 80 bf 08 05 00 00 00 74 03
0x000001be193317ac:   ff 63 38 ff 63 50 e9 49 b4 01 00 66 0f 1f 84 00
0x000001be193317bc:   00 00 00 00 48 8b 53 08 0f b7 52 2c 48 8b 0c d4
0x000001be193317cc:   58 5b 50 44 8b 51 08 49 bb 00 00 00 00 08 00 00
0x000001be193317dc:   00 4d 03 d3 8b 43 18 48 8b 40 10 48 8b 5b 10 45
0x000001be193317ec:   8b 9a a0 00 00 00 4f 8d 9c da c0 01 00 00 4d 8d
0x000001be193317fc:   14 da 49 8b 1b 48 3b c3 74 15 48 85 db 0f 84 32
0x000001be1933180c:   00 00 00 49 83 c3 10 49 8b 1b 48 3b c3 75 eb 45
0x000001be1933181c:   8b 5b 08 4b 8b 1c 1a 48 85 db 0f 84 10 00 00 00
0x000001be1933182c:   41 80 bf 08 05 00 00 00 74 03 ff 63 38 ff 63 50
0x000001be1933183c:   e9 bf b3 01 00 e9 3a 12 00 00 f4 00 00 00 00 00
0x000001be1933184c:   00 00 00 00 00 00 00 00 00 00 00 00 00 00 00 00
0x000001be1933185c:   00 00 00 00 00 00 00 00 00 00 00 00 00 00 00 00
0x000001be1933186c:   00 00 00 00 00 00 00 00 00 00 00 00 00 00 00 00
0x000001be1933187c:   00 00 00 00 00 00 00 00 00 00 00 00 00 00 00 00
0x000001be1933188c:   00 00 00 00 00 00 00 00 00 00 00 00 00 00 00 00
0x000001be1933189c:   00 00 00 00 00 00 00 00 00 00 00 00 00 00 00 00 


Stack slot to memory mapping:
stack at sp + 0 slots: 0x000001be192fe7de is at code_begin+3294 in an Interpreter codelet
return entry points  [0x000001be192fdb00, 0x000001be192ffb38]  8248 bytes
stack at sp + 1 slots: 0x0000000c932fe440 is pointing into the stack for thread: 0x000001be2afd7560
stack at sp + 2 slots: 0x0000000800722b07 is pointing into metadata
stack at sp + 3 slots: 0x0000000c932fe4a8 is pointing into the stack for thread: 0x000001be2afd7560
stack at sp + 4 slots: 0x00000008000b4350 is pointing into metadata
stack at sp + 5 slots: 0x000001be26a27100 is pointing into metadata
stack at sp + 6 slots: 0x0000000084468630 is an oop: java.lang.Class 
{0x0000000084468630} - klass: 'java/lang/Class'
 - ---- fields (total size 14 words):
 - private volatile transient 'classRedefinedCount' 'I' @12  0 (0x00000000)
 - abstract internal 'klass' 'J' @16  34360475432 (0x00000008000b3f28)
 - abstract internal 'array_klass' 'J' @24  0 (0x0000000000000000)
 - abstract internal 'oop_size' 'I' @32  14 (0x0000000e)
 - abstract internal 'static_oop_field_count' 'I' @36  0 (0x00000000)
 - private volatile transient 'cachedConstructor' 'Ljava/lang/reflect/Constructor;' @40  NULL (0x00000000)
 - private transient 'name' 'Ljava/lang/String;' @44  NULL (0x00000000)
 - private transient 'module' 'Ljava/lang/Module;' @48  a 'java/lang/Module'{0x00000000845a5110} (0x845a5110)
 - private final 'classLoader' 'Ljava/lang/ClassLoader;' @52  NULL (0x00000000)
 - private transient 'classData' 'Ljava/lang/Object;' @56  NULL (0x00000000)
 - private transient 'packageName' 'Ljava/lang/String;' @60  NULL (0x00000000)
 - private final 'componentType' 'Ljava/lang/Class;' @64  NULL (0x00000000)
 - private volatile transient 'reflectionData' 'Ljava/lang/ref/SoftReference;' @68  NULL (0x00000000)
 - private volatile transient 'genericInfo' 'Lsun/reflect/generics/repository/ClassRepository;' @72  NULL (0x00000000)
 - private volatile transient 'enumConstants' '[Ljava/lang/Object;' @76  NULL (0x00000000)
 - private volatile transient 'enumConstantDirectory' 'Ljava/util/Map;' @80  NULL (0x00000000)
 - private volatile transient 'annotationData' 'Ljava/lang/Class$AnnotationData;' @84  NULL (0x00000000)
 - private volatile transient 'annotationType' 'Lsun/reflect/annotation/AnnotationType;' @88  NULL (0x00000000)
 - transient 'classValueMap' 'Ljava/lang/ClassValue$ClassValueMap;' @92  NULL (0x00000000)
 - abstract internal 'protection_domain' 'Ljava/lang/Object;' @96  NULL (0x00000000)
 - abstract internal 'signers_name' 'Ljava/lang/Object;' @100  NULL (0x00000000)
 - abstract internal 'source_file' 'Ljava/lang/Object;' @104  NULL (0x00000000)
 - signature: Ljava/lang/invoke/DirectMethodHandle$Holder;
 - ---- static fields (0):
stack at sp + 7 slots: {method} {0x00000008000b8e98} 'newInvokeSpecial' '(Ljava/lang/Object;)Ljava/lang/Object;' in 'java/lang/invoke/DirectMethodHandle$Holder'

MethodHandle::interpreter_entry::_linkToSpecial [0x000001be19331768, 0x000001be193317b7] (79 bytes)
[MachCode]
  0x000001be19331768: 6666 660f | 1f84 0000 | 0000 0066 | 6666 9066 | 0f1f 8400 | 0000 0000 | 488b 5308 | 0fb7 522c 
  0x000001be19331788: 488b 0cd4 | 585b 5048 | 3b01 8b5b | 2448 8b5b | 1048 85db | 0f84 1000 | 0000 4180 | bf08 0500 
  0x000001be193317a8: 0000 7403 | ff63 38ff | 6350 e949 | 
[/MachCode]

---------------  P R O C E S S  ---------------

Threads class SMR info:
_java_thread_list=0x000001be2ea20350, length=21, elements={
0x000001be09d05e80, 0x000001be25d1a7d0, 0x000001be25d1ee20, 0x000001be25d20ed0,
0x000001be25d22910, 0x000001be25d24260, 0x000001be25d24ba0, 0x000001be25d25810,
0x000001be2a012bc0, 0x000001be25ce3f70, 0x000001be2a16e8a0, 0x000001be2a1e5fb0,
0x000001be2a1e6510, 0x000001be2a9d04e0, 0x000001be2af8f650, 0x000001be2afd7560,
0x000001be2d3ac0d0, 0x000001be2cd3ed40, 0x000001be2cd3f290, 0x000001be2d1f1470,
0x000001be2c3fc580
}

Java Threads: ( => current thread )
  0x000001be09d05e80 JavaThread "main" [_thread_blocked, id=16928, stack(0x0000000c91900000,0x0000000c91a00000)]
  0x000001be25d1a7d0 JavaThread "Reference Handler" daemon [_thread_blocked, id=21556, stack(0x0000000c92000000,0x0000000c92100000)]
  0x000001be25d1ee20 JavaThread "Finalizer" daemon [_thread_blocked, id=21488, stack(0x0000000c92100000,0x0000000c92200000)]
  0x000001be25d20ed0 JavaThread "Signal Dispatcher" daemon [_thread_blocked, id=7876, stack(0x0000000c92200000,0x0000000c92300000)]
  0x000001be25d22910 JavaThread "Attach Listener" daemon [_thread_blocked, id=22376, stack(0x0000000c92300000,0x0000000c92400000)]
  0x000001be25d24260 JavaThread "Service Thread" daemon [_thread_blocked, id=10368, stack(0x0000000c92400000,0x0000000c92500000)]
  0x000001be25d24ba0 JavaThread "Monitor Deflation Thread" daemon [_thread_blocked, id=23712, stack(0x0000000c92500000,0x0000000c92600000)]
  0x000001be25d25810 JavaThread "C2 CompilerThread0" daemon [_thread_blocked, id=18660, stack(0x0000000c92600000,0x0000000c92700000)]
  0x000001be2a012bc0 JavaThread "C1 CompilerThread0" daemon [_thread_blocked, id=19924, stack(0x0000000c92700000,0x0000000c92800000)]
  0x000001be25ce3f70 JavaThread "Common-Cleaner" daemon [_thread_blocked, id=4488, stack(0x0000000c92800000,0x0000000c92900000)]
  0x000001be2a16e8a0 JavaThread "JDWP Transport Listener: dt_socket" daemon [_thread_blocked, id=24660, stack(0x0000000c92900000,0x0000000c92a00000)]
  0x000001be2a1e5fb0 JavaThread "JDWP Event Helper Thread" daemon [_thread_blocked, id=25180, stack(0x0000000c92a00000,0x0000000c92b00000)]
  0x000001be2a1e6510 JavaThread "JDWP Command Reader" daemon [_thread_in_native, id=23992, stack(0x0000000c92b00000,0x0000000c92c00000)]
  0x000001be2a9d04e0 JavaThread "Notification Thread" daemon [_thread_blocked, id=17176, stack(0x0000000c92d00000,0x0000000c92e00000)]
  0x000001be2af8f650 JavaThread "Thread-0" [_thread_blocked, id=25080, stack(0x0000000c92c00000,0x0000000c92d00000)]
=>0x000001be2afd7560 JavaThread "restartedMain" [_thread_in_Java, id=7668, stack(0x0000000c93200000,0x0000000c93300000)]
  0x000001be2d3ac0d0 JavaThread "Catalina-utility-1" [_thread_blocked, id=2852, stack(0x0000000c93300000,0x0000000c93400000)]
  0x000001be2cd3ed40 JavaThread "Catalina-utility-2" [_thread_blocked, id=22472, stack(0x0000000c93400000,0x0000000c93500000)]
  0x000001be2cd3f290 JavaThread "container-0" [_thread_blocked, id=9740, stack(0x0000000c93500000,0x0000000c93600000)]
  0x000001be2d1f1470 JavaThread "mysql-cj-abandoned-connection-cleanup" daemon [_thread_blocked, id=15916, stack(0x0000000c93600000,0x0000000c93700000)]
  0x000001be2c3fc580 JavaThread "HikariPool-1 housekeeper" daemon [_thread_blocked, id=5572, stack(0x0000000c93800000,0x0000000c93900000)]

Other Threads:
  0x000001be25cfd370 VMThread "VM Thread" [stack: 0x0000000c91f00000,0x0000000c92000000] [id=15112]
  0x000001be09d06ea0 WatcherThread "VM Periodic Task Thread" [stack: 0x0000000c92e00000,0x0000000c92f00000] [id=24748]
  0x000001be09d64b40 WorkerThread "GC Thread#0" [stack: 0x0000000c91a00000,0x0000000c91b00000] [id=14600]
  0x000001be2aab1ff0 WorkerThread "GC Thread#1" [stack: 0x0000000c92f00000,0x0000000c93000000] [id=16708]
  0x000001be2aab3260 WorkerThread "GC Thread#2" [stack: 0x0000000c93000000,0x0000000c93100000] [id=13196]
  0x000001be2ab2a890 WorkerThread "GC Thread#3" [stack: 0x0000000c93100000,0x0000000c93200000] [id=20928]
  0x000001be09d75290 ConcurrentGCThread "G1 Main Marker" [stack: 0x0000000c91b00000,0x0000000c91c00000] [id=22600]
  0x000001be09d75cc0 WorkerThread "G1 Conc#0" [stack: 0x0000000c91c00000,0x0000000c91d00000] [id=18708]
  0x000001be25bb54e0 ConcurrentGCThread "G1 Refine#0" [stack: 0x0000000c91d00000,0x0000000c91e00000] [id=19972]
  0x000001be25bb76e0 ConcurrentGCThread "G1 Service" [stack: 0x0000000c91e00000,0x0000000c91f00000] [id=24296]

Threads with active compile tasks:

VM state: not at safepoint (normal execution)

VM Mutex/Monitor currently owned by a thread: None

Heap address: 0x0000000084200000, size: 1982 MB, Compressed Oops mode: 32-bit

CDS archive(s) mapped at: [0x0000000800000000-0x0000000800c60000-0x0000000800c60000), size 12976128, SharedBaseAddress: 0x0000000800000000, ArchiveRelocationMode: 0.
Compressed class space mapped at: 0x0000000801000000-0x0000000841000000, reserved size: 1073741824
Narrow klass base: 0x0000000800000000, Narrow klass shift: 0, Narrow klass range: 0x100000000

GC Precious Log:
 CardTable entry size: 512
 Card Set container configuration: InlinePtr #cards 5 size 8 Array Of Cards #cards 12 size 40 Howl #buckets 4 coarsen threshold 1843 Howl Bitmap #cards 512 size 80 coarsen threshold 460 Card regions per heap region 1 cards per card region 2048
 CPUs: 4 total, 4 available
 Memory: 7926M
 Large Page Support: Disabled
 NUMA Support: Disabled
 Compressed Oops: Enabled (32-bit)
 Heap Region Size: 1M
 Heap Min Capacity: 8M
 Heap Initial Capacity: 124M
 Heap Max Capacity: 1982M
 Pre-touch: Disabled
 Parallel Workers: 4
 Concurrent Workers: 1
 Concurrent Refinement Workers: 4
 Periodic GC: Disabled

Heap:
 garbage-first heap   total 58368K, used 29863K [0x0000000084200000, 0x0000000100000000)
  region size 1024K, 10 young (10240K), 2 survivors (2048K)
 Metaspace       used 56448K, committed 57088K, reserved 1114112K
  class space    used 7291K, committed 7552K, reserved 1048576K

Heap Regions: E=young(eden), S=young(survivor), O=old, HS=humongous(starts), HC=humongous(continues), CS=collection set, F=free, OA=open archive, CA=closed archive, TAMS=top-at-mark-start, PB=parsable bottom
|   0|0x0000000084200000, 0x0000000084300000, 0x0000000084300000|100%|HS|  |TAMS 0x0000000084200000| PB 0x0000000084200000| Complete 
|   1|0x0000000084300000, 0x0000000084400000, 0x0000000084400000|100%| O|  |TAMS 0x0000000084300000| PB 0x0000000084300000| Untracked 
|   2|0x0000000084400000, 0x0000000084500000, 0x0000000084500000|100%| O|  |TAMS 0x0000000084400000| PB 0x0000000084400000| Untracked 
|   3|0x0000000084500000, 0x0000000084600000, 0x0000000084600000|100%| O|  |TAMS 0x0000000084500000| PB 0x0000000084500000| Untracked 
|   4|0x0000000084600000, 0x0000000084700000, 0x0000000084700000|100%| O|  |TAMS 0x0000000084600000| PB 0x0000000084600000| Untracked 
|   5|0x0000000084700000, 0x0000000084800000, 0x0000000084800000|100%| O|  |TAMS 0x0000000084700000| PB 0x0000000084700000| Untracked 
|   6|0x0000000084800000, 0x0000000084900000, 0x0000000084900000|100%| O|  |TAMS 0x0000000084800000| PB 0x0000000084800000| Untracked 
|   7|0x0000000084900000, 0x0000000084a00000, 0x0000000084a00000|100%| O|  |TAMS 0x0000000084900000| PB 0x0000000084900000| Untracked 
|   8|0x0000000084a00000, 0x0000000084b00000, 0x0000000084b00000|100%| O|  |TAMS 0x0000000084a00000| PB 0x0000000084a00000| Untracked 
|   9|0x0000000084b00000, 0x0000000084c00000, 0x0000000084c00000|100%| O|  |TAMS 0x0000000084b00000| PB 0x0000000084b00000| Untracked 
|  10|0x0000000084c00000, 0x0000000084d00000, 0x0000000084d00000|100%| O|  |TAMS 0x0000000084c00000| PB 0x0000000084c00000| Untracked 
|  11|0x0000000084d00000, 0x0000000084e00000, 0x0000000084e00000|100%| O|  |TAMS 0x0000000084d00000| PB 0x0000000084d00000| Untracked 
|  12|0x0000000084e00000, 0x0000000084f00000, 0x0000000084f00000|100%| O|  |TAMS 0x0000000084e00000| PB 0x0000000084e00000| Untracked 
|  13|0x0000000084f00000, 0x0000000085000000, 0x0000000085000000|100%| O|  |TAMS 0x0000000084f00000| PB 0x0000000084f00000| Untracked 
|  14|0x0000000085000000, 0x0000000085100000, 0x0000000085100000|100%| O|  |TAMS 0x0000000085000000| PB 0x0000000085000000| Untracked 
|  15|0x0000000085100000, 0x0000000085200000, 0x0000000085200000|100%| O|  |TAMS 0x0000000085100000| PB 0x0000000085100000| Untracked 
|  16|0x0000000085200000, 0x0000000085300000, 0x0000000085300000|100%| O|  |TAMS 0x0000000085200000| PB 0x0000000085200000| Untracked 
|  17|0x0000000085300000, 0x0000000085400000, 0x0000000085400000|100%| O|  |TAMS 0x0000000085300000| PB 0x0000000085300000| Untracked 
|  18|0x0000000085400000, 0x0000000085500000, 0x0000000085500000|100%| O|  |TAMS 0x0000000085400000| PB 0x0000000085400000| Untracked 
|  19|0x0000000085500000, 0x0000000085600000, 0x0000000085600000|100%| O|  |TAMS 0x0000000085500000| PB 0x0000000085500000| Untracked 
|  20|0x0000000085600000, 0x0000000085649600, 0x0000000085700000| 28%| O|  |TAMS 0x0000000085600000| PB 0x0000000085600000| Untracked 
|  21|0x0000000085700000, 0x0000000085700000, 0x0000000085800000|  0%| F|  |TAMS 0x0000000085700000| PB 0x0000000085700000| Untracked 
|  22|0x0000000085800000, 0x0000000085800000, 0x0000000085900000|  0%| F|  |TAMS 0x0000000085800000| PB 0x0000000085800000| Untracked 
|  23|0x0000000085900000, 0x0000000085900000, 0x0000000085a00000|  0%| F|  |TAMS 0x0000000085900000| PB 0x0000000085900000| Untracked 
|  24|0x0000000085a00000, 0x0000000085a00000, 0x0000000085b00000|  0%| F|  |TAMS 0x0000000085a00000| PB 0x0000000085a00000| Untracked 
|  25|0x0000000085b00000, 0x0000000085be0670, 0x0000000085c00000| 87%| S|CS|TAMS 0x0000000085b00000| PB 0x0000000085b00000| Complete 
|  26|0x0000000085c00000, 0x0000000085d00000, 0x0000000085d00000|100%| S|CS|TAMS 0x0000000085c00000| PB 0x0000000085c00000| Complete 
|  27|0x0000000085d00000, 0x0000000085d00000, 0x0000000085e00000|  0%| F|  |TAMS 0x0000000085d00000| PB 0x0000000085d00000| Untracked 
|  28|0x0000000085e00000, 0x0000000085e00000, 0x0000000085f00000|  0%| F|  |TAMS 0x0000000085e00000| PB 0x0000000085e00000| Untracked 
|  29|0x0000000085f00000, 0x0000000085f00000, 0x0000000086000000|  0%| F|  |TAMS 0x0000000085f00000| PB 0x0000000085f00000| Untracked 
|  30|0x0000000086000000, 0x0000000086000000, 0x0000000086100000|  0%| F|  |TAMS 0x0000000086000000| PB 0x0000000086000000| Untracked 
|  31|0x0000000086100000, 0x0000000086100000, 0x0000000086200000|  0%| F|  |TAMS 0x0000000086100000| PB 0x0000000086100000| Untracked 
|  32|0x0000000086200000, 0x0000000086200000, 0x0000000086300000|  0%| F|  |TAMS 0x0000000086200000| PB 0x0000000086200000| Untracked 
|  33|0x0000000086300000, 0x0000000086300000, 0x0000000086400000|  0%| F|  |TAMS 0x0000000086300000| PB 0x0000000086300000| Untracked 
|  34|0x0000000086400000, 0x0000000086400000, 0x0000000086500000|  0%| F|  |TAMS 0x0000000086400000| PB 0x0000000086400000| Untracked 
|  35|0x0000000086500000, 0x0000000086500000, 0x0000000086600000|  0%| F|  |TAMS 0x0000000086500000| PB 0x0000000086500000| Untracked 
|  36|0x0000000086600000, 0x0000000086600000, 0x0000000086700000|  0%| F|  |TAMS 0x0000000086600000| PB 0x0000000086600000| Untracked 
|  37|0x0000000086700000, 0x0000000086700000, 0x0000000086800000|  0%| F|  |TAMS 0x0000000086700000| PB 0x0000000086700000| Untracked 
|  38|0x0000000086800000, 0x0000000086800000, 0x0000000086900000|  0%| F|  |TAMS 0x0000000086800000| PB 0x0000000086800000| Untracked 
|  39|0x0000000086900000, 0x0000000086900000, 0x0000000086a00000|  0%| F|  |TAMS 0x0000000086900000| PB 0x0000000086900000| Untracked 
|  40|0x0000000086a00000, 0x0000000086a00000, 0x0000000086b00000|  0%| F|  |TAMS 0x0000000086a00000| PB 0x0000000086a00000| Untracked 
|  41|0x0000000086b00000, 0x0000000086b00000, 0x0000000086c00000|  0%| F|  |TAMS 0x0000000086b00000| PB 0x0000000086b00000| Untracked 
|  42|0x0000000086c00000, 0x0000000086c00000, 0x0000000086d00000|  0%| F|  |TAMS 0x0000000086c00000| PB 0x0000000086c00000| Untracked 
|  43|0x0000000086d00000, 0x0000000086d00000, 0x0000000086e00000|  0%| F|  |TAMS 0x0000000086d00000| PB 0x0000000086d00000| Untracked 
|  44|0x0000000086e00000, 0x0000000086e00000, 0x0000000086f00000|  0%| F|  |TAMS 0x0000000086e00000| PB 0x0000000086e00000| Untracked 
|  45|0x0000000086f00000, 0x0000000086f00000, 0x0000000087000000|  0%| F|  |TAMS 0x0000000086f00000| PB 0x0000000086f00000| Untracked 
|  46|0x0000000087000000, 0x0000000087000000, 0x0000000087100000|  0%| F|  |TAMS 0x0000000087000000| PB 0x0000000087000000| Untracked 
|  47|0x0000000087100000, 0x0000000087100000, 0x0000000087200000|  0%| F|  |TAMS 0x0000000087100000| PB 0x0000000087100000| Untracked 
|  48|0x0000000087200000, 0x0000000087200000, 0x0000000087300000|  0%| F|  |TAMS 0x0000000087200000| PB 0x0000000087200000| Untracked 
|  60|0x0000000087e00000, 0x0000000087ed2448, 0x0000000087f00000| 82%| E|  |TAMS 0x0000000087e00000| PB 0x0000000087e00000| Complete 
|  61|0x0000000087f00000, 0x0000000088000000, 0x0000000088000000|100%| E|CS|TAMS 0x0000000087f00000| PB 0x0000000087f00000| Complete 
|  62|0x0000000088000000, 0x0000000088100000, 0x0000000088100000|100%| E|CS|TAMS 0x0000000088000000| PB 0x0000000088000000| Complete 
|  63|0x0000000088100000, 0x0000000088200000, 0x0000000088200000|100%| E|CS|TAMS 0x0000000088100000| PB 0x0000000088100000| Complete 
|  64|0x0000000088200000, 0x0000000088300000, 0x0000000088300000|100%| E|CS|TAMS 0x0000000088200000| PB 0x0000000088200000| Complete 
|  65|0x0000000088300000, 0x0000000088400000, 0x0000000088400000|100%| E|CS|TAMS 0x0000000088300000| PB 0x0000000088300000| Complete 
|  66|0x0000000088400000, 0x0000000088500000, 0x0000000088500000|100%| E|CS|TAMS 0x0000000088400000| PB 0x0000000088400000| Complete 
| 123|0x000000008bd00000, 0x000000008be00000, 0x000000008be00000|100%| E|CS|TAMS 0x000000008bd00000| PB 0x000000008bd00000| Complete 

Card table byte_map: [0x000001be21190000,0x000001be21570000] _byte_map_base: 0x000001be20d6f000

Marking Bits: (CMBitMap*) 0x000001be09d65170
 Bits: [0x000001be21950000, 0x000001be23848000)

Polling page: 0x000001be07c30000

Metaspace:

Usage:
  Non-class:     48.01 MB used.
      Class:      7.12 MB used.
       Both:     55.13 MB used.

Virtual space:
  Non-class space:       64.00 MB reserved,      48.38 MB ( 76%) committed,  1 nodes.
      Class space:        1.00 GB reserved,       7.38 MB ( <1%) committed,  1 nodes.
             Both:        1.06 GB reserved,      55.75 MB (  5%) committed. 

Chunk freelists:
   Non-Class:  3.67 MB
       Class:  671.00 KB
        Both:  4.33 MB

MaxMetaspaceSize: unlimited
CompressedClassSpaceSize: 1.00 GB
Initial GC threshold: 21.00 MB
Current GC threshold: 58.69 MB
CDS: on
MetaspaceReclaimPolicy: balanced
 - commit_granule_bytes: 65536.
 - commit_granule_words: 8192.
 - virtual_space_node_default_size: 8388608.
 - enlarge_chunks_in_place: 1.
 - new_chunks_are_fully_committed: 0.
 - uncommit_free_chunks: 1.
 - use_allocation_guard: 0.


Internal statistics:

num_allocs_failed_limit: 6.
num_arena_births: 758.
num_arena_deaths: 0.
num_vsnodes_births: 2.
num_vsnodes_deaths: 0.
num_space_committed: 892.
num_space_uncommitted: 0.
num_chunks_returned_to_freelist: 6.
num_chunks_taken_from_freelist: 2652.
num_chunk_merges: 3.
num_chunk_splits: 1904.
num_chunks_enlarged: 1453.
num_inconsistent_stats: 0.

CodeHeap 'non-profiled nmethods': size=120000Kb used=3908Kb max_used=3908Kb free=116091Kb
 bounds [0x000001be19880000, 0x000001be19c60000, 0x000001be20db0000]
CodeHeap 'profiled nmethods': size=120000Kb used=10736Kb max_used=10736Kb free=109263Kb
 bounds [0x000001be11db0000, 0x000001be12830000, 0x000001be192e0000]
CodeHeap 'non-nmethods': size=5760Kb used=1939Kb max_used=2014Kb free=3821Kb
 bounds [0x000001be192e0000, 0x000001be19550000, 0x000001be19880000]
 total_blobs=5566 nmethods=4877 adapters=599
 compilation: enabled
              stopped_count=0, restarted_count=0
 full_count=0

Compilation events (20 events):
Event: 377.544 Thread 0x000001be2a012bc0 5327       3       java.util.concurrent.locks.AbstractQueuedSynchronizer$ConditionNode::<init> (5 bytes)
Event: 377.544 Thread 0x000001be2a012bc0 nmethod 5327 0x000001be12829a90 code [0x000001be12829c20, 0x000001be12829de8]
Event: 377.544 Thread 0x000001be2a012bc0 5328       3       java.util.concurrent.locks.AbstractQueuedSynchronizer$ConditionObject::enableWait (84 bytes)
Event: 377.544 Thread 0x000001be2a012bc0 nmethod 5328 0x000001be12829e90 code [0x000001be1282a0a0, 0x000001be1282a7e8]
Event: 387.597 Thread 0x000001be2a012bc0 5329       3       java.util.concurrent.TimeUnit::convert (77 bytes)
Event: 387.598 Thread 0x000001be2a012bc0 nmethod 5329 0x000001be1282aa90 code [0x000001be1282ac80, 0x000001be1282b058]
Event: 397.867 Thread 0x000001be2a012bc0 5330       3       java.util.concurrent.locks.AbstractQueuedSynchronizer::acquireShared (20 bytes)
Event: 397.868 Thread 0x000001be2a012bc0 nmethod 5330 0x000001be1282b290 code [0x000001be1282b440, 0x000001be1282b6b8]
Event: 417.886 Thread 0x000001be2a012bc0 5331       3       java.util.concurrent.ScheduledThreadPoolExecutor$ScheduledFutureTask::getDelay (16 bytes)
Event: 417.886 Thread 0x000001be2a012bc0 nmethod 5331 0x000001be1282b790 code [0x000001be1282b920, 0x000001be1282bab8]
Event: 447.546 Thread 0x000001be2a012bc0 5332       3       java.util.concurrent.locks.AbstractQueuedSynchronizer$ConditionNode::isReleasable (23 bytes)
Event: 447.546 Thread 0x000001be2a012bc0 nmethod 5332 0x000001be1282bb90 code [0x000001be1282bd20, 0x000001be1282bf88]
Event: 447.604 Thread 0x000001be2a012bc0 5333       1       java.util.concurrent.ThreadPoolExecutor::getQueue (5 bytes)
Event: 447.604 Thread 0x000001be2a012bc0 nmethod 5333 0x000001be19c50d90 code [0x000001be19c50f00, 0x000001be19c50fc8]
Event: 447.915 Thread 0x000001be2a012bc0 5334       3       java.util.concurrent.ThreadPoolExecutor::workerCountOf (5 bytes)
Event: 447.915 Thread 0x000001be2a012bc0 nmethod 5334 0x000001be120cbe90 code [0x000001be120cc020, 0x000001be120cc118]
Event: 457.919 Thread 0x000001be2a012bc0 5335       1       org.apache.catalina.core.ContainerBase::getBackgroundProcessorDelay (5 bytes)
Event: 457.919 Thread 0x000001be2a012bc0 nmethod 5335 0x000001be19c51090 code [0x000001be19c51200, 0x000001be19c512c8]
Event: 457.919 Thread 0x000001be2a012bc0 5336       3       org.apache.catalina.valves.ValveBase::backgroundProcess (1 bytes)
Event: 457.920 Thread 0x000001be2a012bc0 nmethod 5336 0x000001be1282c090 code [0x000001be1282c220, 0x000001be1282c330]

GC Heap History (20 events):
Event: 29.103 GC heap before
{Heap before GC invocations=11 (full 0):
 garbage-first heap   total 48128K, used 22288K [0x0000000084200000, 0x0000000100000000)
  region size 1024K, 7 young (7168K), 3 survivors (3072K)
 Metaspace       used 35445K, committed 35968K, reserved 1114112K
  class space    used 4238K, committed 4480K, reserved 1048576K
}
Event: 29.109 GC heap after
{Heap after GC invocations=12 (full 0):
 garbage-first heap   total 48128K, used 19246K [0x0000000084200000, 0x0000000100000000)
  region size 1024K, 2 young (2048K), 2 survivors (2048K)
 Metaspace       used 35445K, committed 35968K, reserved 1114112K
  class space    used 4238K, committed 4480K, reserved 1048576K
}
Event: 30.243 GC heap before
{Heap before GC invocations=13 (full 0):
 garbage-first heap   total 48128K, used 39726K [0x0000000084200000, 0x0000000100000000)
  region size 1024K, 23 young (23552K), 2 survivors (2048K)
 Metaspace       used 38262K, committed 38848K, reserved 1114112K
  class space    used 4578K, committed 4864K, reserved 1048576K
}
Event: 30.246 GC heap after
{Heap after GC invocations=14 (full 0):
 garbage-first heap   total 48128K, used 19894K [0x0000000084200000, 0x0000000100000000)
  region size 1024K, 3 young (3072K), 3 survivors (3072K)
 Metaspace       used 38262K, committed 38848K, reserved 1114112K
  class space    used 4578K, committed 4864K, reserved 1048576K
}
Event: 30.862 GC heap before
{Heap before GC invocations=14 (full 0):
 garbage-first heap   total 48128K, used 40374K [0x0000000084200000, 0x0000000100000000)
  region size 1024K, 23 young (23552K), 3 survivors (3072K)
 Metaspace       used 40200K, committed 40768K, reserved 1114112K
  class space    used 4853K, committed 5120K, reserved 1048576K
}
Event: 30.866 GC heap after
{Heap after GC invocations=15 (full 0):
 garbage-first heap   total 48128K, used 19789K [0x0000000084200000, 0x0000000100000000)
  region size 1024K, 2 young (2048K), 2 survivors (2048K)
 Metaspace       used 40200K, committed 40768K, reserved 1114112K
  class space    used 4853K, committed 5120K, reserved 1048576K
}
Event: 31.718 GC heap before
{Heap before GC invocations=15 (full 0):
 garbage-first heap   total 48128K, used 42317K [0x0000000084200000, 0x0000000100000000)
  region size 1024K, 24 young (24576K), 2 survivors (2048K)
 Metaspace       used 42278K, committed 42880K, reserved 1114112K
  class space    used 5172K, committed 5440K, reserved 1048576K
}
Event: 31.721 GC heap after
{Heap after GC invocations=16 (full 0):
 garbage-first heap   total 48128K, used 20448K [0x0000000084200000, 0x0000000100000000)
  region size 1024K, 2 young (2048K), 2 survivors (2048K)
 Metaspace       used 42278K, committed 42880K, reserved 1114112K
  class space    used 5172K, committed 5440K, reserved 1048576K
}
Event: 32.614 GC heap before
{Heap before GC invocations=16 (full 0):
 garbage-first heap   total 48128K, used 42976K [0x0000000084200000, 0x0000000100000000)
  region size 1024K, 24 young (24576K), 2 survivors (2048K)
 Metaspace       used 44512K, committed 45056K, reserved 1114112K
  class space    used 5496K, committed 5760K, reserved 1048576K
}
Event: 32.618 GC heap after
{Heap after GC invocations=17 (full 0):
 garbage-first heap   total 48128K, used 20838K [0x0000000084200000, 0x0000000100000000)
  region size 1024K, 2 young (2048K), 2 survivors (2048K)
 Metaspace       used 44512K, committed 45056K, reserved 1114112K
  class space    used 5496K, committed 5760K, reserved 1048576K
}
Event: 32.910 GC heap before
{Heap before GC invocations=17 (full 0):
 garbage-first heap   total 48128K, used 41318K [0x0000000084200000, 0x0000000100000000)
  region size 1024K, 23 young (23552K), 2 survivors (2048K)
 Metaspace       used 46716K, committed 47296K, reserved 1114112K
  class space    used 5787K, committed 6016K, reserved 1048576K
}
Event: 32.913 GC heap after
{Heap after GC invocations=18 (full 0):
 garbage-first heap   total 48128K, used 21298K [0x0000000084200000, 0x0000000100000000)
  region size 1024K, 3 young (3072K), 3 survivors (3072K)
 Metaspace       used 46716K, committed 47296K, reserved 1114112K
  class space    used 5787K, committed 6016K, reserved 1048576K
}
Event: 33.137 GC heap before
{Heap before GC invocations=18 (full 0):
 garbage-first heap   total 48128K, used 39730K [0x0000000084200000, 0x0000000100000000)
  region size 1024K, 22 young (22528K), 3 survivors (3072K)
 Metaspace       used 48710K, committed 49216K, reserved 1114112K
  class space    used 6043K, committed 6272K, reserved 1048576K
}
Event: 33.140 GC heap after
{Heap after GC invocations=19 (full 0):
 garbage-first heap   total 48128K, used 21808K [0x0000000084200000, 0x0000000100000000)
  region size 1024K, 3 young (3072K), 3 survivors (3072K)
 Metaspace       used 48710K, committed 49216K, reserved 1114112K
  class space    used 6043K, committed 6272K, reserved 1048576K
}
Event: 33.378 GC heap before
{Heap before GC invocations=19 (full 0):
 garbage-first heap   total 48128K, used 39216K [0x0000000084200000, 0x0000000100000000)
  region size 1024K, 21 young (21504K), 3 survivors (3072K)
 Metaspace       used 51606K, committed 52224K, reserved 1114112K
  class space    used 6480K, committed 6720K, reserved 1048576K
}
Event: 33.381 GC heap after
{Heap after GC invocations=20 (full 0):
 garbage-first heap   total 48128K, used 22108K [0x0000000084200000, 0x0000000100000000)
  region size 1024K, 2 young (2048K), 2 survivors (2048K)
 Metaspace       used 51606K, committed 52224K, reserved 1114112K
  class space    used 6480K, committed 6720K, reserved 1048576K
}
Event: 33.638 GC heap before
{Heap before GC invocations=20 (full 0):
 garbage-first heap   total 48128K, used 42588K [0x0000000084200000, 0x0000000100000000)
  region size 1024K, 22 young (22528K), 2 survivors (2048K)
 Metaspace       used 53472K, committed 54080K, reserved 1114112K
  class space    used 6850K, committed 7104K, reserved 1048576K
}
Event: 33.642 GC heap after
{Heap after GC invocations=21 (full 0):
 garbage-first heap   total 48128K, used 22275K [0x0000000084200000, 0x0000000100000000)
  region size 1024K, 2 young (2048K), 2 survivors (2048K)
 Metaspace       used 53472K, committed 54080K, reserved 1114112K
  class space    used 6850K, committed 7104K, reserved 1048576K
}
Event: 33.892 GC heap before
{Heap before GC invocations=21 (full 0):
 garbage-first heap   total 48128K, used 42755K [0x0000000084200000, 0x0000000100000000)
  region size 1024K, 22 young (22528K), 2 survivors (2048K)
 Metaspace       used 55616K, committed 56192K, reserved 1114112K
  class space    used 7175K, committed 7424K, reserved 1048576K
}
Event: 33.895 GC heap after
{Heap after GC invocations=22 (full 0):
 garbage-first heap   total 58368K, used 22695K [0x0000000084200000, 0x0000000100000000)
  region size 1024K, 2 young (2048K), 2 survivors (2048K)
 Metaspace       used 55616K, committed 56192K, reserved 1114112K
  class space    used 7175K, committed 7424K, reserved 1048576K
}

Dll operation events (13 events):
Event: 0.250 Loaded shared library C:\Program Files\Java\jdk-20\bin\java.dll
Event: 0.298 Loaded shared library C:\Program Files\Java\jdk-20\bin\jsvml.dll
Event: 0.861 Loaded shared library C:\Program Files\Java\jdk-20\bin\zip.dll
Event: 0.865 Loaded shared library C:\Program Files\Java\jdk-20\bin\instrument.dll
Event: 0.874 Loaded shared library C:\Program Files\Java\jdk-20\bin\net.dll
Event: 0.875 Loaded shared library C:\Program Files\Java\jdk-20\bin\nio.dll
Event: 0.881 Loaded shared library C:\Program Files\Java\jdk-20\bin\zip.dll
Event: 1.439 Loaded shared library C:\Program Files\Java\jdk-20\bin\jimage.dll
Event: 1.605 Loaded shared library C:\Program Files\Java\jdk-20\bin\verify.dll
Event: 2.942 Loaded shared library C:\Program Files\Java\jdk-20\bin\management.dll
Event: 2.945 Loaded shared library C:\Program Files\Java\jdk-20\bin\management_ext.dll
Event: 18.402 Loaded shared library C:\Program Files\Java\jdk-20\bin\sunmscapi.dll
Event: 28.237 Loaded shared library C:\Program Files\Java\jdk-20\bin\extnet.dll

Deoptimization events (20 events):
Event: 33.981 Thread 0x000001be2afd7560 DEOPT PACKING pc=0x000001be12458814 sp=0x0000000c932fa030
Event: 33.981 Thread 0x000001be2afd7560 DEOPT UNPACKING pc=0x000001be1934e462 sp=0x0000000c932f95e0 mode 1
Event: 33.981 Thread 0x000001be2afd7560 DEOPT PACKING pc=0x000001be1230d0ec sp=0x0000000c932fa1a0
Event: 33.981 Thread 0x000001be2afd7560 DEOPT UNPACKING pc=0x000001be1934e462 sp=0x0000000c932f9740 mode 1
Event: 33.982 Thread 0x000001be2afd7560 DEOPT PACKING pc=0x000001be1230f011 sp=0x0000000c932fd1d0
Event: 33.982 Thread 0x000001be2afd7560 DEOPT UNPACKING pc=0x000001be1934e462 sp=0x0000000c932fc6a8 mode 1
Event: 33.982 Thread 0x000001be2afd7560 DEOPT PACKING pc=0x000001be12458814 sp=0x0000000c932fd260
Event: 33.982 Thread 0x000001be2afd7560 DEOPT UNPACKING pc=0x000001be1934e462 sp=0x0000000c932fc810 mode 1
Event: 33.982 Thread 0x000001be2afd7560 DEOPT PACKING pc=0x000001be1230d0ec sp=0x0000000c932fd3d0
Event: 33.982 Thread 0x000001be2afd7560 DEOPT UNPACKING pc=0x000001be1934e462 sp=0x0000000c932fc970 mode 1
Event: 33.986 Thread 0x000001be2afd7560 DEOPT PACKING pc=0x000001be1249d8f4 sp=0x0000000c932fe080
Event: 33.986 Thread 0x000001be2afd7560 DEOPT UNPACKING pc=0x000001be1934e462 sp=0x0000000c932fd5d0 mode 1
Event: 33.986 Thread 0x000001be2afd7560 DEOPT PACKING pc=0x000001be125df41c sp=0x0000000c932fe190
Event: 33.986 Thread 0x000001be2afd7560 DEOPT UNPACKING pc=0x000001be1934e462 sp=0x0000000c932fd650 mode 1
Event: 481.835 Thread 0x000001be2afd7560 DEOPT PACKING pc=0x000001be121bd4d4 sp=0x0000000c932fe440
Event: 481.835 Thread 0x000001be2afd7560 DEOPT UNPACKING pc=0x000001be1934e462 sp=0x0000000c932fd8f8 mode 0
Event: 481.869 Thread 0x000001be2a16e8a0 Uncommon trap: trap_request=0xffffff45 fr.pc=0x000001be19bceaac relative=0x000000000000028c
Event: 481.869 Thread 0x000001be2a16e8a0 Uncommon trap: reason=unstable_if action=reinterpret pc=0x000001be19bceaac method=sun.instrument.InstrumentationImpl.transform(Ljava/lang/Module;Ljava/lang/ClassLoader;Ljava/lang/String;Ljava/lang/Class;Ljava/security/ProtectionDomain;[BZ)[B @ 24 c2
Event: 481.869 Thread 0x000001be2a16e8a0 DEOPT PACKING pc=0x000001be19bceaac sp=0x0000000c929fe8d0
Event: 481.869 Thread 0x000001be2a16e8a0 DEOPT UNPACKING pc=0x000001be192fd2a2 sp=0x0000000c929fe8d8 mode 2

Classes loaded (20 events):
Event: 32.964 Loading class java/util/concurrent/CompletableFuture
Event: 32.965 Loading class java/util/concurrent/CompletableFuture done
Event: 32.965 Loading class java/util/concurrent/CompletableFuture$AltResult
Event: 32.965 Loading class java/util/concurrent/CompletableFuture$AltResult done
Event: 32.965 Loading class java/util/concurrent/CompletableFuture$Completion
Event: 32.965 Loading class java/util/concurrent/CompletableFuture$AsynchronousCompletionTask
Event: 32.965 Loading class java/util/concurrent/CompletableFuture$AsynchronousCompletionTask done
Event: 32.966 Loading class java/util/concurrent/CompletableFuture$Completion done
Event: 33.030 Loading class java/util/concurrent/CancellationException
Event: 33.031 Loading class java/util/concurrent/CancellationException done
Event: 33.414 Loading class java/util/ArrayList$ListItr
Event: 33.414 Loading class java/util/ArrayList$ListItr done
Event: 33.550 Loading class java/util/AbstractList$SubList
Event: 33.550 Loading class java/util/AbstractList$SubList done
Event: 33.567 Loading class java/lang/reflect/AnnotatedArrayType
Event: 33.567 Loading class java/lang/reflect/AnnotatedArrayType done
Event: 33.968 Loading class javax/naming/Reference
Event: 33.968 Loading class javax/naming/Reference done
Event: 33.993 Loading class java/lang/invoke/WrongMethodTypeException
Event: 33.993 Loading class java/lang/invoke/WrongMethodTypeException done

Classes unloaded (0 events):
No events

Classes redefined (1 events):
Event: 481.886 Thread 0x000001be25cfd370 redefined class name=com.oesdp.oesapi.controller.SubjectController, count=1

Internal exceptions (20 events):
Event: 19.404 Thread 0x000001be2afd7560 Exception <a 'java/lang/NoSuchMethodError'{0x000000008687c6e8}: 'int java.lang.invoke.DirectMethodHandle$Holder.invokeInterface(java.lang.Object, java.lang.Object, java.lang.Object, java.lang.Object)'> (0x000000008687c6e8) 
thrown [s\open\src\hotspot\share\interpreter\linkResolver.cpp, line 773]
Event: 19.832 Thread 0x000001be2afd7560 Exception <a 'java/lang/NoSuchMethodError'{0x000000008641ede8}: 'long java.lang.invoke.DirectMethodHandle$Holder.invokeVirtual(java.lang.Object, java.lang.Object)'> (0x000000008641ede8) 
thrown [s\open\src\hotspot\share\interpreter\linkResolver.cpp, line 773]
Event: 19.839 Thread 0x000001be2afd7560 Exception <a 'java/io/FileNotFoundException'{0x000000008648f228}> (0x000000008648f228) 
thrown [s\open\src\hotspot\share\prims\jni.cpp, line 519]
Event: 20.650 Thread 0x000001be2afd7560 Exception <a 'java/lang/NoSuchMethodError'{0x0000000085d90cb8}: 'java.lang.Object java.lang.invoke.DirectMethodHandle$Holder.newInvokeSpecial(java.lang.Object, java.lang.Object, java.lang.Object, java.lang.Object, java.lang.Object, java.lang.Object, java.lang.Object, java.lang.Object, java.lang.Object, java.lang.Object, java.lang.Object)'> (0x0000000085d90cb8) 
thrown [s\open\src\hotspot\share\interpreter\linkResolver.cpp, line 773]
Event: 28.667 Thread 0x000001be2afd7560 Exception <a 'sun/nio/fs/WindowsException'{0x0000000085aaea80}> (0x0000000085aaea80) 
thrown [s\open\src\hotspot\share\prims\jni.cpp, line 519]
Event: 29.764 Thread 0x000001be2afd7560 Exception <a 'java/lang/NoSuchMethodError'{0x00000000868b9720}: 'java.lang.Object java.lang.invoke.DirectMethodHandle$Holder.invokeStaticInit(java.lang.Object, java.lang.Object, java.lang.Object, java.lang.Object)'> (0x00000000868b9720) 
thrown [s\open\src\hotspot\share\interpreter\linkResolver.cpp, line 773]
Event: 29.947 Thread 0x000001be2afd7560 Exception <a 'java/lang/NoSuchMethodError'{0x00000000863e5478}: 'void java.lang.invoke.DelegatingMethodHandle$Holder.reinvoke_L(java.lang.Object, java.lang.Object, java.lang.Object, java.lang.Object, int, java.lang.Object, java.lang.Object, java.lang.Object)'> (0x00000000863e5478) 
thrown [s\open\src\hotspot\share\interpreter\linkResolver.cpp, line 773]
Event: 33.049 Thread 0x000001be2afd7560 Exception <a 'java/lang/IncompatibleClassChangeError'{0x0000000086538ec0}: Found class java.lang.Object, but interface was expected> (0x0000000086538ec0) 
thrown [s\open\src\hotspot\share\interpreter\linkResolver.cpp, line 840]
Event: 33.081 Thread 0x000001be2afd7560 Exception <a 'java/lang/NoSuchMethodError'{0x000000008636f118}: 'java.lang.Object java.lang.invoke.DirectMethodHandle$Holder.invokeStatic(java.lang.Object, java.lang.Object, int, java.lang.Object)'> (0x000000008636f118) 
thrown [s\open\src\hotspot\share\interpreter\linkResolver.cpp, line 773]
Event: 33.081 Thread 0x000001be2afd7560 Exception <a 'java/lang/NoSuchMethodError'{0x0000000086372910}: 'java.lang.Object java.lang.invoke.DirectMethodHandle$Holder.invokeStaticInit(java.lang.Object, java.lang.Object, int, java.lang.Object)'> (0x0000000086372910) 
thrown [s\open\src\hotspot\share\interpreter\linkResolver.cpp, line 773]
Event: 33.751 Thread 0x000001be2afd7560 Exception <a 'java/lang/NoSuchMethodError'{0x0000000087e97310}: 'void java.lang.invoke.DirectMethodHandle$Holder.invokeInterface(java.lang.Object, java.lang.Object, int, java.lang.Object)'> (0x0000000087e97310) 
thrown [s\open\src\hotspot\share\interpreter\linkResolver.cpp, line 773]
Event: 33.756 Thread 0x000001be2afd7560 Exception <a 'java/lang/NoSuchMethodError'{0x0000000087eeba88}: 'java.lang.Object java.lang.invoke.DirectMethodHandle$Holder.newInvokeSpecial(java.lang.Object, java.lang.Object, int, java.lang.Object)'> (0x0000000087eeba88) 
thrown [s\open\src\hotspot\share\interpreter\linkResolver.cpp, line 773]
Event: 33.756 Thread 0x000001be2afd7560 Exception <a 'java/lang/NoSuchMethodError'{0x0000000087eef3e8}: 'java.lang.Object java.lang.invoke.Invokers$Holder.linkToTargetMethod(java.lang.Object, int, java.lang.Object, java.lang.Object)'> (0x0000000087eef3e8) 
thrown [s\open\src\hotspot\share\interpreter\linkResolver.cpp, line 773]
Event: 33.831 Thread 0x000001be2afd7560 Exception <a 'java/lang/NoSuchMethodError'{0x00000000863b7af8}: 'java.lang.Object java.lang.invoke.DirectMethodHandle$Holder.newInvokeSpecial(java.lang.Object, java.lang.Object, java.lang.Object, java.lang.Object, java.lang.Object, int)'> (0x00000000863b7af8) 
thrown [s\open\src\hotspot\share\interpreter\linkResolver.cpp, line 773]
Event: 33.831 Thread 0x000001be2afd7560 Exception <a 'java/lang/NoSuchMethodError'{0x00000000863bb948}: 'java.lang.Object java.lang.invoke.Invokers$Holder.linkToTargetMethod(java.lang.Object, java.lang.Object, java.lang.Object, java.lang.Object, int, java.lang.Object)'> (0x00000000863bb948) 
thrown [s\open\src\hotspot\share\interpreter\linkResolver.cpp, line 773]
Event: 33.871 Thread 0x000001be2afd7560 Exception <a 'java/lang/NoSuchMethodError'{0x0000000085fcc5f0}: 'java.lang.Object java.lang.invoke.DirectMethodHandle$Holder.newInvokeSpecial(java.lang.Object, java.lang.Object, java.lang.Object, java.lang.Object, java.lang.Object, java.lang.Object)'> (0x0000000085fcc5f0) 
thrown [s\open\src\hotspot\share\interpreter\linkResolver.cpp, line 773]
Event: 33.882 Thread 0x000001be2afd7560 Exception <a 'java/lang/NoSuchMethodError'{0x0000000085ecc610}: 'java.lang.Object java.lang.invoke.DirectMethodHandle$Holder.newInvokeSpecial(java.lang.Object, java.lang.Object, java.lang.Object, java.lang.Object, java.lang.Object, java.lang.Object, java.lang.Object, int)'> (0x0000000085ecc610) 
thrown [s\open\src\hotspot\share\interpreter\linkResolver.cpp, line 773]
Event: 33.882 Thread 0x000001be2afd7560 Exception <a 'java/lang/NoSuchMethodError'{0x0000000085ed0b70}: 'java.lang.Object java.lang.invoke.DirectMethodHandle$Holder.invokeSpecial(java.lang.Object, java.lang.Object, java.lang.Object, java.lang.Object, java.lang.Object, java.lang.Object, java.lang.Object, java.lang.Object, int)'> (0x0000000085ed0b70) 
thrown [s\open\src\hotspot\share\interpreter\linkResolver.cpp, line 773]
Event: 33.911 Thread 0x000001be2afd7560 Exception <a 'java/lang/NoSuchMethodError'{0x00000000884389f8}: 'void java.lang.invoke.DirectMethodHandle$Holder.invokeInterface(java.lang.Object, java.lang.Object)'> (0x00000000884389f8) 
thrown [s\open\src\hotspot\share\interpreter\linkResolver.cpp, line 773]
Event: 33.985 Thread 0x000001be2afd7560 Exception <a 'java/lang/NoSuchMethodError'{0x0000000087ff0850}: 'void java.lang.invoke.Invokers$Holder.invokeExact_MT(java.lang.Object, java.lang.Object, java.lang.Object, java.lang.Object)'> (0x0000000087ff0850) 
thrown [s\open\src\hotspot\share\interpreter\linkResolver.cpp, line 773]

VM Operations (20 events):
Event: 33.638 Executing VM operation: G1CollectForAllocation
Event: 33.642 Executing VM operation: G1CollectForAllocation done
Event: 33.892 Executing VM operation: G1CollectForAllocation
Event: 33.895 Executing VM operation: G1CollectForAllocation done
Event: 34.910 Executing VM operation: Cleanup
Event: 34.910 Executing VM operation: Cleanup done
Event: 150.545 Executing VM operation: Cleanup
Event: 150.545 Executing VM operation: Cleanup done
Event: 207.906 Executing VM operation: Cleanup
Event: 207.906 Executing VM operation: Cleanup done
Event: 288.329 Executing VM operation: Cleanup
Event: 288.329 Executing VM operation: Cleanup done
Event: 481.834 Executing VM operation: ChangeSingleStep
Event: 481.834 Executing VM operation: ChangeSingleStep done
Event: 481.835 Executing VM operation: ChangeSingleStep
Event: 481.835 Executing VM operation: ChangeSingleStep done
Event: 481.870 Executing VM operation: RedefineClasses
Event: 481.920 Executing VM operation: RedefineClasses done
Event: 481.921 Executing VM operation: ChangeSingleStep
Event: 481.922 Executing VM operation: ChangeSingleStep done

Events (20 events):
Event: 29.192 Thread 0x000001be25cfd370 flushing nmethod 0x000001be198aa690
Event: 29.192 Thread 0x000001be25cfd370 flushing nmethod 0x000001be198a7c10
Event: 29.192 Thread 0x000001be25cfd370 flushing nmethod 0x000001be198c0c90
Event: 29.192 Thread 0x000001be25cfd370 flushing nmethod 0x000001be198b3010
Event: 29.192 Thread 0x000001be25cfd370 flushing nmethod 0x000001be198b1510
Event: 29.192 Thread 0x000001be25cfd370 flushing nmethod 0x000001be198a6410
Event: 29.192 Thread 0x000001be25cfd370 flushing nmethod 0x000001be198a5d90
Event: 29.192 Thread 0x000001be25cfd370 flushing nmethod 0x000001be19891b10
Event: 29.192 Thread 0x000001be25cfd370 flushing nmethod 0x000001be1988e990
Event: 29.192 Thread 0x000001be25cfd370 flushing nmethod 0x000001be19897290
Event: 29.192 Thread 0x000001be25cfd370 flushing nmethod 0x000001be1989c690
Event: 29.192 Thread 0x000001be25cfd370 flushing nmethod 0x000001be19895f90
Event: 29.192 Thread 0x000001be25cfd370 flushing nmethod 0x000001be19895690
Event: 29.192 Thread 0x000001be25cfd370 flushing nmethod 0x000001be19899310
Event: 29.192 Thread 0x000001be25cfd370 flushing nmethod 0x000001be19893290
Event: 29.192 Thread 0x000001be25cfd370 flushing nmethod 0x000001be1988c310
Event: 29.192 Thread 0x000001be25cfd370 flushing nmethod 0x000001be19881410
Event: 29.637 Thread 0x000001be2c3fc580 Thread added: 0x000001be2c3fc580
Event: 29.808 Thread 0x000001be2c3fa5a0 Thread added: 0x000001be2c3fa5a0
Event: 36.735 Thread 0x000001be2c3fa5a0 Thread exited: 0x000001be2c3fa5a0


Dynamic libraries:
0x00007ff677d60000 - 0x00007ff677d70000 	C:\Program Files\Java\jdk-20\bin\javaw.exe
0x00007ffc8c7d0000 - 0x00007ffc8c9e4000 	C:\WINDOWS\SYSTEM32\ntdll.dll
0x00007ffc8b7f0000 - 0x00007ffc8b8b4000 	C:\WINDOWS\System32\KERNEL32.DLL
0x00007ffc8a1b0000 - 0x00007ffc8a554000 	C:\WINDOWS\System32\KERNELBASE.dll
0x00007ffc89db0000 - 0x00007ffc89ec1000 	C:\WINDOWS\System32\ucrtbase.dll
0x00007ffc5e4b0000 - 0x00007ffc5e4c9000 	C:\Program Files\Java\jdk-20\bin\jli.dll
0x00007ffc8c520000 - 0x00007ffc8c5d0000 	C:\WINDOWS\System32\ADVAPI32.dll
0x00007ffc8ba70000 - 0x00007ffc8bb17000 	C:\WINDOWS\System32\msvcrt.dll
0x00007ffc8aae0000 - 0x00007ffc8ab86000 	C:\WINDOWS\System32\sechost.dll
0x00007ffc8c5f0000 - 0x00007ffc8c707000 	C:\WINDOWS\System32\RPCRT4.dll
0x00007ffc8ab90000 - 0x00007ffc8ad3e000 	C:\WINDOWS\System32\USER32.dll
0x00007ffc8a0c0000 - 0x00007ffc8a0e6000 	C:\WINDOWS\System32\win32u.dll
0x00007ffc8bf80000 - 0x00007ffc8bfa9000 	C:\WINDOWS\System32\GDI32.dll
0x00007ffc89b80000 - 0x00007ffc89c98000 	C:\WINDOWS\System32\gdi32full.dll
0x00007ffc89ca0000 - 0x00007ffc89d3a000 	C:\WINDOWS\System32\msvcp_win.dll
0x00007ffc5e1f0000 - 0x00007ffc5e20b000 	C:\Program Files\Java\jdk-20\bin\VCRUNTIME140.dll
0x00007ffc7c3c0000 - 0x00007ffc7c653000 	C:\WINDOWS\WinSxS\amd64_microsoft.windows.common-controls_6595b64144ccf1df_6.0.22621.2215_none_270d72677387dfc3\COMCTL32.dll
0x00007ffc854f0000 - 0x00007ffc854fa000 	C:\WINDOWS\SYSTEM32\VERSION.dll
0x00007ffc8bf40000 - 0x00007ffc8bf71000 	C:\WINDOWS\System32\IMM32.DLL
0x00007ffc83750000 - 0x00007ffc8375c000 	C:\Program Files\Java\jdk-20\bin\vcruntime140_1.dll
0x00007ffc2d1b0000 - 0x00007ffc2d23e000 	C:\Program Files\Java\jdk-20\bin\msvcp140.dll
0x00007ffbc3070000 - 0x00007ffbc3d07000 	C:\Program Files\Java\jdk-20\bin\server\jvm.dll
0x00007ffc02d40000 - 0x00007ffc02d49000 	C:\WINDOWS\SYSTEM32\WSOCK32.dll
0x00007ffc8bb20000 - 0x00007ffc8bb91000 	C:\WINDOWS\System32\WS2_32.dll
0x00007ffc83710000 - 0x00007ffc83744000 	C:\WINDOWS\SYSTEM32\WINMM.dll
0x00007ffc88c90000 - 0x00007ffc88ca8000 	C:\WINDOWS\SYSTEM32\kernel.appcore.dll
0x00007ffc5e0c0000 - 0x00007ffc5e0ca000 	C:\Program Files\Java\jdk-20\bin\jimage.dll
0x00007ffc87170000 - 0x00007ffc8739e000 	C:\WINDOWS\SYSTEM32\DBGHELP.DLL
0x00007ffc8bba0000 - 0x00007ffc8bf2a000 	C:\WINDOWS\System32\combase.dll
0x00007ffc8b710000 - 0x00007ffc8b7e7000 	C:\WINDOWS\System32\OLEAUT32.dll
0x00007ffc839c0000 - 0x00007ffc839f2000 	C:\WINDOWS\SYSTEM32\dbgcore.DLL
0x00007ffc89ed0000 - 0x00007ffc89f4a000 	C:\WINDOWS\System32\bcryptPrimitives.dll
0x00007ffc2d4a0000 - 0x00007ffc2d4dc000 	C:\Program Files\Java\jdk-20\bin\jdwp.dll
0x00007ffc7bcc0000 - 0x00007ffc7bcce000 	C:\Program Files\Java\jdk-20\bin\instrument.dll
0x00007ffc4bfc0000 - 0x00007ffc4bfe6000 	C:\Program Files\Java\jdk-20\bin\java.dll
0x00007ffc2d0c0000 - 0x00007ffc2d197000 	C:\Program Files\Java\jdk-20\bin\jsvml.dll
0x00007ffc8ad40000 - 0x00007ffc8b563000 	C:\WINDOWS\System32\SHELL32.dll
0x00007ffc87ad0000 - 0x00007ffc883ba000 	C:\WINDOWS\SYSTEM32\windows.storage.dll
0x00007ffc87990000 - 0x00007ffc87ace000 	C:\WINDOWS\SYSTEM32\wintypes.dll
0x00007ffc8c210000 - 0x00007ffc8c303000 	C:\WINDOWS\System32\SHCORE.dll
0x00007ffc8c710000 - 0x00007ffc8c76e000 	C:\WINDOWS\System32\shlwapi.dll
0x00007ffc89ab0000 - 0x00007ffc89ad6000 	C:\WINDOWS\SYSTEM32\profapi.dll
0x00007ffc5e900000 - 0x00007ffc5e90c000 	C:\Program Files\Java\jdk-20\bin\dt_socket.dll
0x00007ffc88680000 - 0x00007ffc886ad000 	C:\WINDOWS\SYSTEM32\IPHLPAPI.DLL
0x00007ffc89140000 - 0x00007ffc891a9000 	C:\WINDOWS\system32\mswsock.dll
0x00007ffc886b0000 - 0x00007ffc887a2000 	C:\WINDOWS\SYSTEM32\DNSAPI.dll
0x00007ffc8bf30000 - 0x00007ffc8bf39000 	C:\WINDOWS\System32\NSI.dll
0x00007ffc82750000 - 0x00007ffc8275a000 	C:\Windows\System32\rasadhlp.dll
0x00007ffc83680000 - 0x00007ffc83704000 	C:\WINDOWS\System32\fwpuclnt.dll
0x00007ffc37e00000 - 0x00007ffc37e18000 	C:\Program Files\Java\jdk-20\bin\zip.dll
0x00007ffc37e40000 - 0x00007ffc37e53000 	C:\Program Files\Java\jdk-20\bin\net.dll
0x00007ffc862c0000 - 0x00007ffc863f7000 	C:\WINDOWS\SYSTEM32\WINHTTP.dll
0x00007ffc37e20000 - 0x00007ffc37e36000 	C:\Program Files\Java\jdk-20\bin\nio.dll
0x00007ffc5cd80000 - 0x00007ffc5cd90000 	C:\Program Files\Java\jdk-20\bin\verify.dll
0x00007ffc5e680000 - 0x00007ffc5e68a000 	C:\Program Files\Java\jdk-20\bin\management.dll
0x00007ffc5e0d0000 - 0x00007ffc5e0db000 	C:\Program Files\Java\jdk-20\bin\management_ext.dll
0x00007ffc8c110000 - 0x00007ffc8c118000 	C:\WINDOWS\System32\PSAPI.DLL
0x00007ffc89390000 - 0x00007ffc893ab000 	C:\WINDOWS\SYSTEM32\CRYPTSP.dll
0x00007ffc88c00000 - 0x00007ffc88c35000 	C:\WINDOWS\system32\rsaenh.dll
0x00007ffc89230000 - 0x00007ffc8925c000 	C:\WINDOWS\SYSTEM32\USERENV.dll
0x00007ffc89530000 - 0x00007ffc89558000 	C:\WINDOWS\SYSTEM32\bcrypt.dll
0x00007ffc893b0000 - 0x00007ffc893bc000 	C:\WINDOWS\SYSTEM32\CRYPTBASE.dll
0x00007ffc862a0000 - 0x00007ffc862b9000 	C:\WINDOWS\SYSTEM32\dhcpcsvc6.DLL
0x00007ffc86280000 - 0x00007ffc8629f000 	C:\WINDOWS\SYSTEM32\dhcpcsvc.DLL
0x00007ffc4db60000 - 0x00007ffc4db6e000 	C:\Program Files\Java\jdk-20\bin\sunmscapi.dll
0x00007ffc89f50000 - 0x00007ffc8a0b6000 	C:\WINDOWS\System32\CRYPT32.dll
0x00007ffc89500000 - 0x00007ffc8952e000 	C:\WINDOWS\SYSTEM32\ncrypt.dll
0x00007ffc894c0000 - 0x00007ffc894f7000 	C:\WINDOWS\SYSTEM32\NTASN1.dll
0x00007ffc4d600000 - 0x00007ffc4d607000 	C:\Program Files\Java\jdk-20\bin\extnet.dll

dbghelp: loaded successfully - version: 4.0.5 - missing functions: none
symbol engine: initialized successfully - sym options: 0x614 - pdb path: .;C:\Program Files\Java\jdk-20\bin;C:\WINDOWS\SYSTEM32;C:\WINDOWS\WinSxS\amd64_microsoft.windows.common-controls_6595b64144ccf1df_6.0.22621.2215_none_270d72677387dfc3;C:\Program Files\Java\jdk-20\bin\server

VM Arguments:
jvm_args: -XX:+ShowCodeDetailsInExceptionMessages -agentlib:jdwp=transport=dt_socket,suspend=y,address=localhost:53854 -javaagent:C:\Users\Kristen Talukdar\eclipse\jee-2023-03\eclipse\configuration\org.eclipse.osgi\424\0\.cp\lib\javaagent-shaded.jar -Dfile.encoding=UTF-8 
java_command: com.oesdp.oesapi.OesApiApplication
java_class_path (initial): C:\WORK\oes-api\target\classes;C:\Users\Kristen Talukdar\.m2\repository\org\springframework\boot\spring-boot-starter-data-jpa\3.1.3\spring-boot-starter-data-jpa-3.1.3.jar;C:\Users\Kristen Talukdar\.m2\repository\org\springframework\boot\spring-boot-starter-aop\3.1.3\spring-boot-starter-aop-3.1.3.jar;C:\Users\Kristen Talukdar\.m2\repository\org\springframework\spring-aop\6.0.11\spring-aop-6.0.11.jar;C:\Users\Kristen Talukdar\.m2\repository\org\aspectj\aspectjweaver\1.9.20\aspectjweaver-1.9.20.jar;C:\Users\Kristen Talukdar\.m2\repository\org\springframework\boot\spring-boot-starter-jdbc\3.1.3\spring-boot-starter-jdbc-3.1.3.jar;C:\Users\Kristen Talukdar\.m2\repository\com\zaxxer\HikariCP\5.0.1\HikariCP-5.0.1.jar;C:\Users\Kristen Talukdar\.m2\repository\org\springframework\spring-jdbc\6.0.11\spring-jdbc-6.0.11.jar;C:\Users\Kristen Talukdar\.m2\repository\org\hibernate\orm\hibernate-core\6.2.7.Final\hibernate-core-6.2.7.Final.jar;C:\Users\Kristen Talukdar\.m2\repository\jakarta\persistence\jakarta.persistence-api\3.1.0\jakarta.persistence-api-3.1.0.jar;C:\Users\Kristen Talukdar\.m2\repository\jakarta\transaction\jakarta.transaction-api\2.0.1\jakarta.transaction-api-2.0.1.jar;C:\Users\Kristen Talukdar\.m2\repository\org\jboss\logging\jboss-logging\3.5.3.Final\jboss-logging-3.5.3.Final.jar;C:\Users\Kristen Talukdar\.m2\repository\org\hibernate\common\hibernate-commons-annotations\6.0.6.Final\hibernate-commons-annotations-6.0.6.Final.jar;C:\Users\Kristen Talukdar\.m2\repository\io\smallrye\jandex\3.0.5\jandex-3.0.5.jar;C:\Users\Kristen Talukdar\.m2\repository\com\fasterxml\classmate\1.5.1\classmate-1.5.1.jar;C:\Users\Kristen Talukdar\.m2\repository\net\bytebuddy\byte-buddy\1.14.6\byte-buddy-1.14.6.jar;C:\Users\Kristen Talukdar\.m2\repository\org\glassfish\jaxb\jaxb-runtime\4.0.3\jaxb-runtime-4.0.3.jar;C:\Users\Kristen Talukdar\.m2\repository\org\glassfish\jaxb\jaxb-core\4.0.3\jaxb-core-4.0.3.jar;C:\Users\Kristen Talukdar\.m2\repository\org\eclipse\angus\angus-activation\2.0.1\angus-activation-2.0.1.jar;C:\Users\Kristen Talukdar\.m2\repository\org\glassfish\jaxb\txw2\4.0.3\txw2-4.0.3.jar;C:\Users\Kristen Talukdar\.m2\repository\com\sun\istack\istack-commons-runtime\4.1.2\istack-commons-runtime-4.1.2.jar;C:\Users\Kristen Talukdar\.m2\repository\jakarta\inject\jakarta.inject-api\2.0.1\jakarta.inject-api-2.0.1.jar;C:\Users\Kristen Talukdar\.m2\repository\org\antlr\antlr4-runtime\4.10.1\antlr4-runtime-4.10.1.jar;C:\Users\Kristen Talukdar\.m2\repository\org\springframework\data\spring-data-jpa\3.1.3\spring-data-jpa-3.1.3.jar;C:\Users\Kristen Talukdar\.m2\repository\org\springframework\data\spring-data-commons\3.1.3\spring-data-commons-3.1.3.jar;C:\Users\Kristen Talukdar\.m2\repository\org\springframework\spring-orm\6.0.11\spring-orm-6.0.11.jar;C:\Users\Kristen Talukdar\.m2\repository\org\springframework\spring-context\6.0.11\spring-context-6.0.11.jar;C:\Users\Kristen Talukdar\.m2\repository\org\springframework\spring-tx\6.0.11\spring-tx-6.0.11.jar;C:\Users\Kristen Talukdar\.m2\repository\org\springframework\spring-beans\6.0.11\spring-beans-6.0.11.jar;C:\Users\Kristen Talukdar\.m2\repository\jakarta\annotation\jakarta.annotation-api\2.1.1\jakarta.annotation-api-2.1.1.jar;C:\Users\Kristen Talukdar\.m2\repository\org\slf4j\slf4j-api\2.0.7\slf4j-api-2.0.7.jar;C:\Users\Kristen Talukdar\.m2\repository\org\springframework\spring-aspects\6.0.11\spring-aspects-6.0.11.jar;C:\Users\Kristen Talukdar\.m2\repository\org\springframework\boot\spring-boot-starter-web\3.1.3\spring-boot-starter-web-3.1.3.jar;C:\Users\Kristen Talukdar\.m2\repository\org\springframework\boot\spring-boot-starter\3.1.3\spring-boot-starter-3.1.3.jar;C:\Users\Kristen Talukdar\.m2\repository\org\springframework\boot\spring-boot-starter-logging\3.1.3\spring-boot-starter-logging-3.1.3.jar;C:\Users\Kristen Talukdar\.m2\repository\ch\qos\logback\logback-classic\1.4.11\logback-classic-1.4.11.jar;C:\Users\Kristen Talukdar\.m2\repository\ch\qos\logback\logback-core\1.4.11\logback-core-1.4.11.jar;C:\Users\Kristen Talukdar\.m2\repository\org\apache\logging\log4j\log4j-to-slf4j\2.20.0\log4j-to-slf4j-2.20.0.jar;C:\Users\Kristen Talukdar\.m2\repository\org\apache\logging\log4j\log4j-api\2.20.0\log4j-api-2.20.0.jar;C:\Users\Kristen Talukdar\.m2\repository\org\slf4j\jul-to-slf4j\2.0.7\jul-to-slf4j-2.0.7.jar;C:\Users\Kristen Talukdar\.m2\repository\org\yaml\snakeyaml\1.33\snakeyaml-1.33.jar;C:\Users\Kristen Talukdar\.m2\repository\org\springframework\boot\spring-boot-starter-json\3.1.3\spring-boot-starter-json-3.1.3.jar;C:\Users\Kristen Talukdar\.m2\repository\com\fasterxml\jackson\core\jackson-databind\2.15.2\jackson-databind-2.15.2.jar;C:\Users\Kristen Talukdar\.m2\repository\com\fasterxml\jackson\core\jackson-annotations\2.15.2\jackson-annotations-2.15.2.jar;C:\Users\Kristen Talukdar\.m2\repository\com\fasterxml\jackson\core\jackson-core\2.15.2\jackson-core-2.15.2.jar;C:\Users\Kristen Talukdar\.m2\repository\com\fasterxml\jackson\datatype\jackson-datatype-jdk8\2.15.2\jackson-datatype-jdk8-2.15.2.jar;C:\Users\Kristen Talukdar\.m2\repository\com\fasterxml\jackson\datatype\jackson-datatype-jsr310\2.15.2\jackson-datatype-jsr310-2.15.2.jar;C:\Users\Kristen Talukdar\.m2\repository\com\fasterxml\jackson\module\jackson-module-parameter-names\2.15.2\jackson-module-parameter-names-2.15.2.jar;C:\Users\Kristen Talukdar\.m2\repository\org\springframework\boot\spring-boot-starter-tomcat\3.1.3\spring-boot-starter-tomcat-3.1.3.jar;C:\Users\Kristen Talukdar\.m2\repository\org\apache\tomcat\embed\tomcat-embed-core\10.1.12\tomcat-embed-core-10.1.12.jar;C:\Users\Kristen Talukdar\.m2\repository\org\apache\tomcat\embed\tomcat-embed-el\10.1.12\tomcat-embed-el-10.1.12.jar;C:\Users\Kristen Talukdar\.m2\repository\org\apache\tomcat\embed\tomcat-embed-websocket\10.1.12\tomcat-embed-websocket-10.1.12.jar;C:\Users\Kristen Talukdar\.m2\repository\org\springframework\spring-web\6.0.11\spring-web-6.0.11.jar;C:\Users\Kristen Talukdar\.m2\repository\io\micrometer\micrometer-observation\1.11.3\micrometer-observation-1.11.3.jar;C:\Users\Kristen Talukdar\.m2\repository\io\micrometer\micrometer-commons\1.11.3\micrometer-commons-1.11.3.jar;C:\Users\Kristen Talukdar\.m2\repository\org\springframework\spring-webmvc\6.0.11\spring-webmvc-6.0.11.jar;C:\Users\Kristen Talukdar\.m2\repository\org\springframework\spring-expression\6.0.11\spring-expression-6.0.11.jar;C:\Users\Kristen Talukdar\.m2\repository\org\springframework\boot\spring-boot-devtools\3.1.3\spring-boot-devtools-3.1.3.jar;C:\Users\Kristen Talukdar\.m2\repository\org\springframework\boot\spring-boot\3.1.3\spring-boot-3.1.3.jar;C:\Users\Kristen Talukdar\.m2\repository\org\springframework\boot\spring-boot-autoconfigure\3.1.3\spring-boot-autoconfigure-3.1.3.jar;C:\Users\Kristen Talukdar\.m2\repository\com\mysql\mysql-connector-j\8.0.33\mysql-connector-j-8.0.33.jar;C:\Users\Kristen Talukdar\.m2\repository\jakarta\xml\bind\jakarta.xml.bind-api\4.0.0\jakarta.xml.bind-api-4.0.0.jar;C:\Users\Kristen Talukdar\.m2\repository\jakarta\activation\jakarta.activation-api\2.1.2\jakarta.activation-api-2.1.2.jar;C:\Users\Kristen Talukdar\.m2\repository\org\springframework\spring-core\6.0.11\spring-core-6.0.11.jar;C:\Users\Kristen Talukdar\.m2\repository\org\springframework\spring-jcl\6.0.11\spring-jcl-6.0.11.jar
Launcher Type: SUN_STANDARD

[Global flags]
     intx CICompilerCount                          = 3                                         {product} {ergonomic}
     uint ConcGCThreads                            = 1                                         {product} {ergonomic}
     uint G1ConcRefinementThreads                  = 4                                         {product} {ergonomic}
   size_t G1HeapRegionSize                         = 1048576                                   {product} {ergonomic}
    uintx GCDrainStackTargetSize                   = 64                                        {product} {ergonomic}
   size_t InitialHeapSize                          = 130023424                                 {product} {ergonomic}
   size_t MarkStackSize                            = 4194304                                   {product} {ergonomic}
   size_t MaxHeapSize                              = 2078277632                                {product} {ergonomic}
   size_t MaxNewSize                               = 1246756864                                {product} {ergonomic}
   size_t MinHeapDeltaBytes                        = 1048576                                   {product} {ergonomic}
   size_t MinHeapSize                              = 8388608                                   {product} {ergonomic}
    uintx NonNMethodCodeHeapSize                   = 5832780                                {pd product} {ergonomic}
    uintx NonProfiledCodeHeapSize                  = 122912730                              {pd product} {ergonomic}
    uintx ProfiledCodeHeapSize                     = 122912730                              {pd product} {ergonomic}
    uintx ReservedCodeCacheSize                    = 251658240                              {pd product} {ergonomic}
     bool SegmentedCodeCache                       = true                                      {product} {ergonomic}
     bool ShowCodeDetailsInExceptionMessages       = true                                   {manageable} {command line}
   size_t SoftMaxHeapSize                          = 2078277632                             {manageable} {ergonomic}
     bool UseCompressedClassPointers               = true                           {product lp64_product} {ergonomic}
     bool UseCompressedOops                        = true                           {product lp64_product} {ergonomic}
     bool UseG1GC                                  = true                                      {product} {ergonomic}
     bool UseLargePagesIndividualAllocation        = false                                  {pd product} {ergonomic}

Logging:
Log output configuration:
 #0: stdout all=warning uptime,level,tags foldmultilines=false
 #1: stderr all=off uptime,level,tags foldmultilines=false

Environment Variables:
PATH=C:/Program Files/Java/jdk-20/bin/server;C:/Program Files/Java/jdk-20/bin;C:\Python311\Scripts\;C:\Python311\;C:\Program Files (x86)\VMware\VMware Player\bin\;C:\Program Files\Java\jdk-20\bin;C:\Program Files\Common Files\Oracle\Java\javapath;C:\Windows\system32;C:\Windows;C:\Windows\System32\Wbem;C:\Windows\System32\WindowsPowerShell\v1.0\;C:\Windows\System32\OpenSSH\;C:\Program Files\dotnet\;C:\Program Files\Microsoft SQL Server\150\Tools\Binn\;C:\Program Files\Microsoft SQL Server\Client SDK\ODBC\170\Tools\Binn\;C:\Program Files (x86)\Microsoft SQL Server\150\DTS\Binn\;C:\Program Files\Azure Data Studio\bin;C:\Program Files (x86)\Microsoft SQL Server\150\Tools\Binn\;C:\Program Files\Microsoft SQL Server\150\DTS\Binn\;C:\MinGW\bin\;C:\MinGW\libexec\gcc\mingw32\6.3.0\;C:\WINDOWS\system32;C:\WINDOWS;C:\WINDOWS\System32\Wbem;C:\WINDOWS\System32\WindowsPowerShell\v1.0\;C:\WINDOWS\System32\OpenSSH\;C:\Program Files\PuTTY\;C:\Program Files\nodejs\;C:\ProgramData\chocolatey\bin;C:\Users\Kristen Talukdar\anaconda3;C:\Users\Kristen Talukdar\anaconda3\Library\mingw-w64\bin;C:\Users\Kristen Talukdar\anaconda3\Library\usr\bin;C:\Users\Kristen Talukdar\anaconda3\Library\bin;C:\Users\Kristen Talukdar\anaconda3\Scripts;C:\Program Files\MySQL\MySQL Shell 8.0\bin\;C:\Users\Kristen Talukdar\AppData\Local\Programs\Python\Python39\Scripts\;C:\Users\Kristen Talukdar\AppData\Local\Programs\Python\Python39\;C:\Users\Kristen Talukdar\AppData\Local\Microsoft\WindowsApps;C:\Users\Kristen Talukdar\.dotnet\tools;C:\Program Files\Azure Data Studio\bin;C:\Users\Kristen Talukdar\AppData\Local\Programs\Microsoft VS Code\bin;C:\msys64\ucrt64\bin;C:\msys64\mingw64\bin;C:\Users\Kristen Talukdar\AppData\Local\GitHubDesktop\bin;C:\Users\Kristen Talukdar\AppData\Roaming\npm;C:\Users\Kristen Talukdar\OneDrive\Desktop;
USERNAME=Kristen Talukdar
OS=Windows_NT
PROCESSOR_IDENTIFIER=Intel64 Family 6 Model 140 Stepping 1, GenuineIntel
TMP=C:\Users\KRISTE~1\AppData\Local\Temp
TEMP=C:\Users\KRISTE~1\AppData\Local\Temp




---------------  S Y S T E M  ---------------

OS:
 Windows 11 , 64 bit Build 22621 (10.0.22621.2215)
OS uptime: 1 days 8:49 hours
Hyper-V role detected

CPU: total 4 (initial active 4) (2 cores per cpu, 2 threads per core) family 6 model 140 stepping 1 microcode 0xac, cx8, cmov, fxsr, ht, mmx, 3dnowpref, sse, sse2, sse3, ssse3, sse4.1, sse4.2, popcnt, lzcnt, tsc, tscinvbit, avx, avx2, aes, erms, clmul, bmi1, bmi2, adx, avx512f, avx512dq, avx512cd, avx512bw, avx512vl, sha, fma, vzeroupper, avx512_vpopcntdq, avx512_vpclmulqdq, avx512_vaes, avx512_vnni, clflush, clflushopt, clwb, avx512_vbmi2, avx512_vbmi, hv, rdtscp, rdpid, fsrm, gfni, avx512_bitalg, f16c, cet_ibt, cet_ss, avx512_ifma

Memory: 4k page, system-wide physical 7926M (1106M free)
TotalPageFile size 18166M (AvailPageFile size 6495M)
current process WorkingSet (physical memory assigned to process): 195M, peak: 227M
current process commit charge ("private bytes"): 236M, peak: 267M

vm_info: Java HotSpot(TM) 64-Bit Server VM (20.0.1+9-29) for windows-amd64 JRE (20.0.1+9-29), built on 2023-03-07T13:56:11Z by "mach5one" with MS VC++ 17.1 (VS2022)

END.
